<?xml version="1.0" encoding="UTF-8"?><testsuite failures="1" name="cucumber.runtime.formatter.JUnitFormatter" skipped="0" tests="1" time="301.17138">
<testcase classname="Partner Organization creation by PM and Onhold by BAM" name="Partner Organization creation by PM and Rejection by BAM:[OrderApproval]" time="301.17138">
<failure message="org.openqa.selenium.NoSuchElementException: Unable to locate element: {&quot;method&quot;:&quot;xpath&quot;,&quot;selector&quot;:&quot;.//*[@class='fa fa-refresh fa-spin fa-3x fa-fw']&quot;}&#10;Command duration or timeout: 20 milliseconds&#10;&#9;at sun.reflect.GeneratedConstructorAccessor29.newInstance(Unknown Source)&#10;&#9;at sun.reflect.DelegatingConstructorAccessorImpl.newInstance(DelegatingConstructorAccessorImpl.java:45)&#10;&#9;at java.lang.reflect.Constructor.newInstance(Constructor.java:423)&#10;&#9;at org.openqa.selenium.remote.ErrorHandler.createThrowable(ErrorHandler.java:215)&#10;&#9;at org.openqa.selenium.remote.ErrorHandler.throwIfResponseFailed(ErrorHandler.java:167)&#10;&#9;at org.openqa.selenium.remote.RemoteWebDriver.execute(RemoteWebDriver.java:671)&#10;&#9;at org.openqa.selenium.remote.RemoteWebDriver.findElement(RemoteWebDriver.java:410)&#10;&#9;at org.openqa.selenium.remote.RemoteWebDriver.findElementByXPath(RemoteWebDriver.java:509)&#10;&#9;at org.openqa.selenium.By$ByXPath.findElement(By.java:361)&#10;&#9;at org.openqa.selenium.remote.RemoteWebDriver.findElement(RemoteWebDriver.java:402)&#10;&#9;at com.dw.automation.support.RUtils.waitforloadingtodissappear(RUtils.java:107)&#10;&#9;at com.dw.automation.pages.impl.OrgCreateAndApproveImpl.fillOrgForm(OrgCreateAndApproveImpl.java:631)&#10;&#9;at com.dw.automation.steps.redington.OrgCreateAndApproveSteps.i_onboard_an_Organization(OrgCreateAndApproveSteps.java:23)&#10;&#9;at ✽.Then I onboard an Organization(features/Redington/OrgCreateAndBAMOnhold.feature:7)&#10;Caused by: org.openqa.selenium.NoSuchElementException: Unable to locate element: {&quot;method&quot;:&quot;xpath&quot;,&quot;selector&quot;:&quot;.//*[@class='fa fa-refresh fa-spin fa-3x fa-fw']&quot;}&#10;For documentation on this error, please visit: http://seleniumhq.org/exceptions/no_such_element.html&#10;Build info: version: '3.4.0', revision: 'unknown', time: 'unknown'&#10;System info: host: 'jagadeesh-ThinkPad-L450', ip: '127.0.1.1', os.name: 'Linux', os.arch: 'amd64', os.version: '3.19.0-65-generic', java.version: '1.8.0_101'&#10;Driver info: driver.version: unknown&#10;&#9;at &lt;anonymous class&gt;.FirefoxDriver.prototype.findElementInternal_(file:///tmp/anonymous4210398380971536046webdriver-profile/extensions/fxdriver@googlecode.com/components/driver-component.js:11390)&#10;&#9;at &lt;anonymous class&gt;.FirefoxDriver.prototype.findElement(file:///tmp/anonymous4210398380971536046webdriver-profile/extensions/fxdriver@googlecode.com/components/driver-component.js:11399)&#10;&#9;at &lt;anonymous class&gt;.DelayedCommand.prototype.executeInternal_/k(file:///tmp/anonymous4210398380971536046webdriver-profile/extensions/fxdriver@googlecode.com/components/command-processor.js:12879)&#10;&#9;at &lt;anonymous class&gt;.DelayedCommand.prototype.executeInternal_(file:///tmp/anonymous4210398380971536046webdriver-profile/extensions/fxdriver@googlecode.com/components/command-processor.js:12884)&#10;&#9;at &lt;anonymous class&gt;.DelayedCommand.prototype.execute/&lt;(file:///tmp/anonymous4210398380971536046webdriver-profile/extensions/fxdriver@googlecode.com/components/command-processor.js:12826)&#10;"><![CDATA[Given I launch the application as a Partner Manager[UserInformation]........passed
When I go to Organization Page..............................................passed
Then I onboard an Organization..............................................failed
Then I logout from the application..........................................skipped
Then I launch the application as a BAM......................................skipped
And I onhold the organization...............................................skipped
Then I logout from the application..........................................skipped
Given I launch the application as a Partner Manager.........................skipped
And I verify that the organization is onhold................................skipped
Then I logout from the application..........................................skipped

StackTrace:
org.openqa.selenium.NoSuchElementException: Unable to locate element: {"method":"xpath","selector":".//*[@class='fa fa-refresh fa-spin fa-3x fa-fw']"}
Command duration or timeout: 20 milliseconds
	at sun.reflect.GeneratedConstructorAccessor29.newInstance(Unknown Source)
	at sun.reflect.DelegatingConstructorAccessorImpl.newInstance(DelegatingConstructorAccessorImpl.java:45)
	at java.lang.reflect.Constructor.newInstance(Constructor.java:423)
	at org.openqa.selenium.remote.ErrorHandler.createThrowable(ErrorHandler.java:215)
	at org.openqa.selenium.remote.ErrorHandler.throwIfResponseFailed(ErrorHandler.java:167)
	at org.openqa.selenium.remote.RemoteWebDriver.execute(RemoteWebDriver.java:671)
	at org.openqa.selenium.remote.RemoteWebDriver.findElement(RemoteWebDriver.java:410)
	at org.openqa.selenium.remote.RemoteWebDriver.findElementByXPath(RemoteWebDriver.java:509)
	at org.openqa.selenium.By$ByXPath.findElement(By.java:361)
	at org.openqa.selenium.remote.RemoteWebDriver.findElement(RemoteWebDriver.java:402)
	at com.dw.automation.support.RUtils.waitforloadingtodissappear(RUtils.java:107)
	at com.dw.automation.pages.impl.OrgCreateAndApproveImpl.fillOrgForm(OrgCreateAndApproveImpl.java:631)
	at com.dw.automation.steps.redington.OrgCreateAndApproveSteps.i_onboard_an_Organization(OrgCreateAndApproveSteps.java:23)
	at ✽.Then I onboard an Organization(features/Redington/OrgCreateAndBAMOnhold.feature:7)
Caused by: org.openqa.selenium.NoSuchElementException: Unable to locate element: {"method":"xpath","selector":".//*[@class='fa fa-refresh fa-spin fa-3x fa-fw']"}
For documentation on this error, please visit: http://seleniumhq.org/exceptions/no_such_element.html
Build info: version: '3.4.0', revision: 'unknown', time: 'unknown'
System info: host: 'jagadeesh-ThinkPad-L450', ip: '127.0.1.1', os.name: 'Linux', os.arch: 'amd64', os.version: '3.19.0-65-generic', java.version: '1.8.0_101'
Driver info: driver.version: unknown
	at <anonymous class>.FirefoxDriver.prototype.findElementInternal_(file:///tmp/anonymous4210398380971536046webdriver-profile/extensions/fxdriver@googlecode.com/components/driver-component.js:11390)
	at <anonymous class>.FirefoxDriver.prototype.findElement(file:///tmp/anonymous4210398380971536046webdriver-profile/extensions/fxdriver@googlecode.com/components/driver-component.js:11399)
	at <anonymous class>.DelayedCommand.prototype.executeInternal_/k(file:///tmp/anonymous4210398380971536046webdriver-profile/extensions/fxdriver@googlecode.com/components/command-processor.js:12879)
	at <anonymous class>.DelayedCommand.prototype.executeInternal_(file:///tmp/anonymous4210398380971536046webdriver-profile/extensions/fxdriver@googlecode.com/components/command-processor.js:12884)
	at <anonymous class>.DelayedCommand.prototype.execute/<(file:///tmp/anonymous4210398380971536046webdriver-profile/extensions/fxdriver@googlecode.com/components/command-processor.js:12826)
]]></failure>
</testcase>
</testsuite>
