<?xml version="1.0" encoding="UTF-8"?>
<!-- Generated by org.testng.reporters.JUnitXMLReporter -->
<testsuite hostname="RLE0517" name="Use Case 2:Customer on boarding" tests="6" failures="1" timestamp="13 Dec 2017 13:11:09 GMT" time="16.817" errors="0">
  <testcase name="login_to_application" time="3.985" classname="com.dw.api.automation.steps.CustomerTest"/>
  <testcase name="getPartnerEntityid" time="0.578" classname="com.dw.api.automation.steps.CustomerTest"/>
  <testcase name="createNewCustomer" time="10.126" classname="com.dw.api.automation.steps.CustomerTest"/>
  <testcase name="loginByBaM" time="0.813" classname="com.dw.api.automation.steps.CustomerTest"/>
  <testcase name="getCustomerId" time="0.815" classname="com.dw.api.automation.steps.CustomerTest">
    <failure type="org.json.JSONException" message="A JSONObject text must begin with &amp;apos;{&amp;apos; at 1 [character 2 line 1]">
      <![CDATA[org.json.JSONException: A JSONObject text must begin with '{' at 1 [character 2 line 1]
	at org.json.JSONTokener.syntaxError(JSONTokener.java:451)
	at org.json.JSONObject.<init>(JSONObject.java:195)
	at org.json.JSONObject.<init>(JSONObject.java:319)
	at com.dw.api.automation.steps.CustomerTest.getCustomerId(CustomerTest.java:185)
... Removed 24 stack frames]]>
    </failure>
  </testcase> <!-- getCustomerId -->
  <testcase name="approveCustomerFromBam" time="0.375" classname="com.dw.api.automation.steps.CustomerTest"/>
</testsuite> <!-- Use Case 2:Customer on boarding -->
