<?xml version="1.0" encoding="UTF-8"?>
<testsuite name="TestSuite" time="80.817" tests="1" errors="0" skipped="0" failures="1">
  <properties>
    <property name="java.runtime.name" value="Java(TM) SE Runtime Environment"/>
    <property name="sun.boot.library.path" value="C:\Program Files\Java\jre1.8.0_144\bin"/>
    <property name="java.vm.version" value="25.144-b01"/>
    <property name="java.vm.vendor" value="Oracle Corporation"/>
    <property name="maven.multiModuleProjectDirectory" value="F:\auto\GenesisUIAutomation"/>
    <property name="java.vendor.url" value="http://java.oracle.com/"/>
    <property name="path.separator" value=";"/>
    <property name="guice.disable.misplaced.annotation.check" value="true"/>
    <property name="java.vm.name" value="Java HotSpot(TM) 64-Bit Server VM"/>
    <property name="file.encoding.pkg" value="sun.io"/>
    <property name="user.script" value=""/>
    <property name="user.country" value="US"/>
    <property name="sun.java.launcher" value="SUN_STANDARD"/>
    <property name="sun.os.patch.level" value=""/>
    <property name="java.vm.specification.name" value="Java Virtual Machine Specification"/>
    <property name="user.dir" value="F:\auto\GenesisUIAutomation"/>
    <property name="java.runtime.version" value="1.8.0_144-b01"/>
    <property name="java.awt.graphicsenv" value="sun.awt.Win32GraphicsEnvironment"/>
    <property name="java.endorsed.dirs" value="C:\Program Files\Java\jre1.8.0_144\lib\endorsed"/>
    <property name="os.arch" value="amd64"/>
    <property name="java.io.tmpdir" value="C:\Users\rle0517\AppData\Local\Temp\"/>
    <property name="line.separator" value="&#10;"/>
    <property name="java.vm.specification.vendor" value="Oracle Corporation"/>
    <property name="user.variant" value=""/>
    <property name="os.name" value="Windows 8.1"/>
    <property name="classworlds.conf" value="F:\apiWorkspace\.metadata\.plugins\org.eclipse.m2e.launching\launches\m2conf5713598706834134986.tmp"/>
    <property name="sun.jnu.encoding" value="Cp1252"/>
    <property name="java.library.path" value="C:\Program Files\Java\jre1.8.0_144\bin;C:\Windows\Sun\Java\bin;C:\Windows\system32;C:\Windows;C:/Program Files/Java/jre1.8.0_144/bin/server;C:/Program Files/Java/jre1.8.0_144/bin;C:/Program Files/Java/jre1.8.0_144/lib/amd64;C:\ProgramData\Oracle\Java\javapath;C:\Windows\system32;C:\Windows;C:\Windows\System32\Wbem;C:\Windows\System32\WindowsPowerShell\v1.0\;C:\Program Files (x86)\Skype\Phone\;C:\Program Files\Java\jdk1.8.0_144\bin;C:\Users\rle0517\Desktop\apache-tomcat-7.0.68.tar\apache-tomcat-7.0.68\bin;C:\ProgramData\Oracle\Java\javapath;C:\Windows\system32;C:\Windows;C:\Windows\System32\Wbem;C:\Windows\System32\WindowsPowerShell\v1.0\;C:\Program Files (x86)\Skype\Phone\;C:\Program Files\Java\jdk1.8.0_144\bin;C:\Users\rle0517\Desktop\apache-tomcat-7.0.68.tar\apache-tomcat-7.0.68\bin;C:\Users\rle0517\AppData\Local\Programs\Git\cmd;C:\software\spring-tool-suite-3.9.1.RELEASE-e4.7.1a-win32-x86_64\sts-bundle\sts-3.9.1.RELEASE;;."/>
    <property name="java.specification.name" value="Java Platform API Specification"/>
    <property name="java.class.version" value="52.0"/>
    <property name="sun.management.compiler" value="HotSpot 64-Bit Tiered Compilers"/>
    <property name="os.version" value="6.3"/>
    <property name="user.home" value="C:\Users\rle0517"/>
    <property name="user.timezone" value="Asia/Calcutta"/>
    <property name="java.awt.printerjob" value="sun.awt.windows.WPrinterJob"/>
    <property name="java.specification.version" value="1.8"/>
    <property name="file.encoding" value="Cp1252"/>
    <property name="user.name" value="RLE0517"/>
    <property name="java.class.path" value="C:\software\spring-tool-suite-3.9.1.RELEASE-e4.7.1a-win32-x86_64\sts-bundle\sts-3.9.1.RELEASE\plugins\org.eclipse.m2e.maven.runtime_1.8.2.20171007-0216\jars\plexus-classworlds-2.5.2.jar"/>
    <property name="java.vm.specification.version" value="1.8"/>
    <property name="sun.arch.data.model" value="64"/>
    <property name="java.home" value="C:\Program Files\Java\jre1.8.0_144"/>
    <property name="sun.java.command" value="org.codehaus.plexus.classworlds.launcher.Launcher -B install"/>
    <property name="java.specification.vendor" value="Oracle Corporation"/>
    <property name="user.language" value="en"/>
    <property name="awt.toolkit" value="sun.awt.windows.WToolkit"/>
    <property name="java.vm.info" value="mixed mode"/>
    <property name="java.version" value="1.8.0_144"/>
    <property name="java.ext.dirs" value="C:\Program Files\Java\jre1.8.0_144\lib\ext;C:\Windows\Sun\Java\lib\ext"/>
    <property name="sun.boot.class.path" value="C:\Program Files\Java\jre1.8.0_144\lib\resources.jar;C:\Program Files\Java\jre1.8.0_144\lib\rt.jar;C:\Program Files\Java\jre1.8.0_144\lib\sunrsasign.jar;C:\Program Files\Java\jre1.8.0_144\lib\jsse.jar;C:\Program Files\Java\jre1.8.0_144\lib\jce.jar;C:\Program Files\Java\jre1.8.0_144\lib\charsets.jar;C:\Program Files\Java\jre1.8.0_144\lib\jfr.jar;C:\Program Files\Java\jre1.8.0_144\classes"/>
    <property name="java.vendor" value="Oracle Corporation"/>
    <property name="maven.home" value="F:\auto\GenesisUIAutomation\EMBEDDED"/>
    <property name="file.separator" value="\"/>
    <property name="java.vendor.url.bug" value="http://bugreport.sun.com/bugreport/"/>
    <property name="sun.cpu.endian" value="little"/>
    <property name="sun.io.unicode.encoding" value="UnicodeLittle"/>
    <property name="sun.desktop" value="windows"/>
    <property name="sun.cpu.isalist" value="amd64"/>
  </properties>
  <testcase name="feature" classname="com.scholastic.torque.runner.Run" time="80.817">
    <failure message="java.lang.RuntimeException: Unable to create local driver" type="cucumber.runtime.CucumberException"><![CDATA[cucumber.runtime.CucumberException: java.lang.RuntimeException: Unable to create local driver
	at com.scholastic.torque.testng.TestNGCucumberRunner.runCucumber(TestNGCucumberRunner.java:128)
	at com.scholastic.torque.testng.AbstractTestNGCucumberTests.feature(AbstractTestNGCucumberTests.java:30)
	at sun.reflect.NativeMethodAccessorImpl.invoke0(Native Method)
	at sun.reflect.NativeMethodAccessorImpl.invoke(Unknown Source)
	at sun.reflect.DelegatingMethodAccessorImpl.invoke(Unknown Source)
	at java.lang.reflect.Method.invoke(Unknown Source)
	at org.testng.internal.MethodInvocationHelper.invokeMethod(MethodInvocationHelper.java:85)
	at org.testng.internal.Invoker.invokeMethod(Invoker.java:639)
	at org.testng.internal.Invoker.invokeTestMethod(Invoker.java:816)
	at org.testng.internal.Invoker.invokeTestMethods(Invoker.java:1124)
	at org.testng.internal.TestMethodWorker.invokeTestMethods(TestMethodWorker.java:125)
	at org.testng.internal.TestMethodWorker.run(TestMethodWorker.java:108)
	at org.testng.TestRunner.privateRun(TestRunner.java:774)
	at org.testng.TestRunner.run(TestRunner.java:624)
	at org.testng.SuiteRunner.runTest(SuiteRunner.java:359)
	at org.testng.SuiteRunner.access$000(SuiteRunner.java:39)
	at org.testng.SuiteRunner$SuiteWorker.run(SuiteRunner.java:393)
	at org.testng.internal.thread.ThreadUtil$2.call(ThreadUtil.java:64)
	at java.util.concurrent.FutureTask.run(Unknown Source)
	at java.util.concurrent.ThreadPoolExecutor.runWorker(Unknown Source)
	at java.util.concurrent.ThreadPoolExecutor$Worker.run(Unknown Source)
	at java.lang.Thread.run(Unknown Source)
Caused by: java.lang.RuntimeException: Unable to create local driver
	at com.scholastic.torque.common.TestBase.initDriver(TestBase.java:163)
	at com.scholastic.torque.common.TestBase.getDriver(TestBase.java:83)
	at com.dw.automation.steps.Hooks.afterHook(Hooks.java:129)
	at sun.reflect.NativeMethodAccessorImpl.invoke0(Native Method)
	at sun.reflect.NativeMethodAccessorImpl.invoke(Unknown Source)
	at sun.reflect.DelegatingMethodAccessorImpl.invoke(Unknown Source)
	at java.lang.reflect.Method.invoke(Unknown Source)
	at cucumber.runtime.Utils$1.call(Utils.java:37)
	at cucumber.runtime.Timeout.timeout(Timeout.java:13)
	at cucumber.runtime.Utils.invoke(Utils.java:31)
	at cucumber.runtime.java.JavaHookDefinition.execute(JavaHookDefinition.java:60)
	at cucumber.runtime.Runtime.runHookIfTagsMatch(Runtime.java:223)
	at cucumber.runtime.Runtime.runHooks(Runtime.java:211)
	at cucumber.runtime.Runtime.runAfterHooks(Runtime.java:205)
	at cucumber.runtime.model.CucumberScenario.run(CucumberScenario.java:46)
	at cucumber.runtime.model.CucumberFeature.run(CucumberFeature.java:165)
	at com.scholastic.torque.testng.TestNGCucumberRunner.runCucumber(TestNGCucumberRunner.java:124)
	at com.scholastic.torque.testng.AbstractTestNGCucumberTests.feature(AbstractTestNGCucumberTests.java:30)
	at sun.reflect.NativeMethodAccessorImpl.invoke0(Native Method)
	at sun.reflect.NativeMethodAccessorImpl.invoke(Unknown Source)
	at sun.reflect.DelegatingMethodAccessorImpl.invoke(Unknown Source)
	at java.lang.reflect.Method.invoke(Unknown Source)
	at org.testng.internal.MethodInvocationHelper.invokeMethod(MethodInvocationHelper.java:85)
	at org.testng.internal.Invoker.invokeMethod(Invoker.java:639)
	at org.testng.internal.Invoker.invokeTestMethod(Invoker.java:816)
	at org.testng.internal.Invoker.invokeTestMethods(Invoker.java:1124)
	at org.testng.internal.TestMethodWorker.invokeTestMethods(TestMethodWorker.java:125)
	at org.testng.internal.TestMethodWorker.run(TestMethodWorker.java:108)
	at org.testng.TestRunner.privateRun(TestRunner.java:774)
	at org.testng.TestRunner.run(TestRunner.java:624)
	at org.testng.SuiteRunner.runTest(SuiteRunner.java:359)
	at org.testng.SuiteRunner.access$000(SuiteRunner.java:39)
	at org.testng.SuiteRunner$SuiteWorker.run(SuiteRunner.java:393)
	at org.testng.internal.thread.ThreadUtil$2.call(ThreadUtil.java:64)
	at java.util.concurrent.FutureTask.run(Unknown Source)
	at java.util.concurrent.ThreadPoolExecutor.runWorker(Unknown Source)
	at java.util.concurrent.ThreadPoolExecutor$Worker.run(Unknown Source)
	at java.lang.Thread.run(Unknown Source)
Caused by: org.openqa.selenium.WebDriverException: Unalbe to create webdriver
	at com.scholastic.torque.common.TestBase$WEBDRIVER.getDriver(TestBase.java:483)
	at com.scholastic.torque.common.TestBase.initDriver(TestBase.java:158)
	at com.scholastic.torque.common.TestBase.getDriver(TestBase.java:83)
	at com.dw.automation.steps.Hooks.afterHook(Hooks.java:129)
	at sun.reflect.NativeMethodAccessorImpl.invoke0(Native Method)
	at sun.reflect.NativeMethodAccessorImpl.invoke(Unknown Source)
	at sun.reflect.DelegatingMethodAccessorImpl.invoke(Unknown Source)
	at java.lang.reflect.Method.invoke(Unknown Source)
	at cucumber.runtime.Utils$1.call(Utils.java:37)
	at cucumber.runtime.Timeout.timeout(Timeout.java:13)
	at cucumber.runtime.Utils.invoke(Utils.java:31)
	at cucumber.runtime.java.JavaHookDefinition.execute(JavaHookDefinition.java:60)
	at cucumber.runtime.Runtime.runHookIfTagsMatch(Runtime.java:223)
	at cucumber.runtime.Runtime.runHooks(Runtime.java:211)
	at cucumber.runtime.Runtime.runAfterHooks(Runtime.java:205)
	at cucumber.runtime.model.CucumberScenario.run(CucumberScenario.java:46)
	at cucumber.runtime.model.CucumberFeature.run(CucumberFeature.java:165)
	at com.scholastic.torque.testng.TestNGCucumberRunner.runCucumber(TestNGCucumberRunner.java:124)
	at com.scholastic.torque.testng.AbstractTestNGCucumberTests.feature(AbstractTestNGCucumberTests.java:30)
	at sun.reflect.NativeMethodAccessorImpl.invoke0(Native Method)
	at sun.reflect.NativeMethodAccessorImpl.invoke(Unknown Source)
	at sun.reflect.DelegatingMethodAccessorImpl.invoke(Unknown Source)
	at java.lang.reflect.Method.invoke(Unknown Source)
	at org.testng.internal.MethodInvocationHelper.invokeMethod(MethodInvocationHelper.java:85)
	at org.testng.internal.Invoker.invokeMethod(Invoker.java:639)
	at org.testng.internal.Invoker.invokeTestMethod(Invoker.java:816)
	at org.testng.internal.Invoker.invokeTestMethods(Invoker.java:1124)
	at org.testng.internal.TestMethodWorker.invokeTestMethods(TestMethodWorker.java:125)
	at org.testng.internal.TestMethodWorker.run(TestMethodWorker.java:108)
	at org.testng.TestRunner.privateRun(TestRunner.java:774)
	at org.testng.TestRunner.run(TestRunner.java:624)
	at org.testng.SuiteRunner.runTest(SuiteRunner.java:359)
	at org.testng.SuiteRunner.access$000(SuiteRunner.java:39)
	at org.testng.SuiteRunner$SuiteWorker.run(SuiteRunner.java:393)
	at org.testng.internal.thread.ThreadUtil$2.call(ThreadUtil.java:64)
	at java.util.concurrent.FutureTask.run(Unknown Source)
	at java.util.concurrent.ThreadPoolExecutor.runWorker(Unknown Source)
	at java.util.concurrent.ThreadPoolExecutor$Worker.run(Unknown Source)
	at java.lang.Thread.run(Unknown Source)
Caused by: org.openqa.selenium.WebDriverException: Timed out waiting for driver server to start.
Build info: version: '3.4.0', revision: 'unknown', time: 'unknown'
System info: host: 'RLE0517', ip: '192.168.152.171', os.name: 'Windows 8.1', os.arch: 'amd64', os.version: '6.3', java.version: '1.8.0_144'
Driver info: driver.version: ChromeDriver
	at org.openqa.selenium.remote.service.DriverService.waitUntilAvailable(DriverService.java:193)
	at org.openqa.selenium.remote.service.DriverService.start(DriverService.java:181)
	at org.openqa.selenium.remote.service.DriverCommandExecutor.execute(DriverCommandExecutor.java:78)
	at org.openqa.selenium.remote.RemoteWebDriver.execute(RemoteWebDriver.java:637)
	at org.openqa.selenium.remote.RemoteWebDriver.startSession(RemoteWebDriver.java:250)
	at org.openqa.selenium.remote.RemoteWebDriver.startSession(RemoteWebDriver.java:236)
	at org.openqa.selenium.remote.RemoteWebDriver.<init>(RemoteWebDriver.java:137)
	at org.openqa.selenium.chrome.ChromeDriver.<init>(ChromeDriver.java:184)
	at org.openqa.selenium.chrome.ChromeDriver.<init>(ChromeDriver.java:171)
	at org.openqa.selenium.chrome.ChromeDriver.<init>(ChromeDriver.java:124)
	at sun.reflect.NativeConstructorAccessorImpl.newInstance0(Native Method)
	at sun.reflect.NativeConstructorAccessorImpl.newInstance(Unknown Source)
	at sun.reflect.DelegatingConstructorAccessorImpl.newInstance(Unknown Source)
	at java.lang.reflect.Constructor.newInstance(Unknown Source)
	at java.lang.Class.newInstance(Unknown Source)
	at com.scholastic.torque.common.TestBase$WEBDRIVER.getDriver(TestBase.java:481)
	at com.scholastic.torque.common.TestBase.initDriver(TestBase.java:158)
	at com.scholastic.torque.common.TestBase.getDriver(TestBase.java:83)
	at com.dw.automation.steps.Hooks.afterHook(Hooks.java:129)
	at sun.reflect.NativeMethodAccessorImpl.invoke0(Native Method)
	at sun.reflect.NativeMethodAccessorImpl.invoke(Unknown Source)
	at sun.reflect.DelegatingMethodAccessorImpl.invoke(Unknown Source)
	at java.lang.reflect.Method.invoke(Unknown Source)
	at cucumber.runtime.Utils$1.call(Utils.java:37)
	at cucumber.runtime.Timeout.timeout(Timeout.java:13)
	at cucumber.runtime.Utils.invoke(Utils.java:31)
	at cucumber.runtime.java.JavaHookDefinition.execute(JavaHookDefinition.java:60)
	at cucumber.runtime.Runtime.runHookIfTagsMatch(Runtime.java:223)
	at cucumber.runtime.Runtime.runHooks(Runtime.java:211)
	at cucumber.runtime.Runtime.runAfterHooks(Runtime.java:205)
	at cucumber.runtime.model.CucumberScenario.run(CucumberScenario.java:46)
	at cucumber.runtime.model.CucumberFeature.run(CucumberFeature.java:165)
	at com.scholastic.torque.testng.TestNGCucumberRunner.runCucumber(TestNGCucumberRunner.java:124)
	at com.scholastic.torque.testng.AbstractTestNGCucumberTests.feature(AbstractTestNGCucumberTests.java:30)
	at sun.reflect.NativeMethodAccessorImpl.invoke0(Native Method)
	at sun.reflect.NativeMethodAccessorImpl.invoke(Unknown Source)
	at sun.reflect.DelegatingMethodAccessorImpl.invoke(Unknown Source)
	at java.lang.reflect.Method.invoke(Unknown Source)
	at org.testng.internal.MethodInvocationHelper.invokeMethod(MethodInvocationHelper.java:85)
	at org.testng.internal.Invoker.invokeMethod(Invoker.java:639)
	at org.testng.internal.Invoker.invokeTestMethod(Invoker.java:816)
	at org.testng.internal.Invoker.invokeTestMethods(Invoker.java:1124)
	at org.testng.internal.TestMethodWorker.invokeTestMethods(TestMethodWorker.java:125)
	at org.testng.internal.TestMethodWorker.run(TestMethodWorker.java:108)
	at org.testng.TestRunner.privateRun(TestRunner.java:774)
	at org.testng.TestRunner.run(TestRunner.java:624)
	at org.testng.SuiteRunner.runTest(SuiteRunner.java:359)
	at org.testng.SuiteRunner.access$000(SuiteRunner.java:39)
	at org.testng.SuiteRunner$SuiteWorker.run(SuiteRunner.java:393)
	at org.testng.internal.thread.ThreadUtil$2.call(ThreadUtil.java:64)
	at java.util.concurrent.FutureTask.run(Unknown Source)
	at java.util.concurrent.ThreadPoolExecutor.runWorker(Unknown Source)
	at java.util.concurrent.ThreadPoolExecutor$Worker.run(Unknown Source)
	at java.lang.Thread.run(Unknown Source)
Caused by: org.openqa.selenium.net.UrlChecker$TimeoutException: Timed out waiting for [http://localhost:43437/status] to be available after 20010 ms
	at org.openqa.selenium.net.UrlChecker.waitUntilAvailable(UrlChecker.java:107)
	at org.openqa.selenium.remote.service.DriverService.waitUntilAvailable(DriverService.java:190)
	at org.openqa.selenium.remote.service.DriverService.start(DriverService.java:181)
	at org.openqa.selenium.remote.service.DriverCommandExecutor.execute(DriverCommandExecutor.java:78)
	at org.openqa.selenium.remote.RemoteWebDriver.execute(RemoteWebDriver.java:637)
	at org.openqa.selenium.remote.RemoteWebDriver.startSession(RemoteWebDriver.java:250)
	at org.openqa.selenium.remote.RemoteWebDriver.startSession(RemoteWebDriver.java:236)
	at org.openqa.selenium.remote.RemoteWebDriver.<init>(RemoteWebDriver.java:137)
	at org.openqa.selenium.chrome.ChromeDriver.<init>(ChromeDriver.java:184)
	at org.openqa.selenium.chrome.ChromeDriver.<init>(ChromeDriver.java:171)
	at org.openqa.selenium.chrome.ChromeDriver.<init>(ChromeDriver.java:124)
	at sun.reflect.NativeConstructorAccessorImpl.newInstance0(Native Method)
	at sun.reflect.NativeConstructorAccessorImpl.newInstance(Unknown Source)
	at sun.reflect.DelegatingConstructorAccessorImpl.newInstance(Unknown Source)
	at java.lang.reflect.Constructor.newInstance(Unknown Source)
	at java.lang.Class.newInstance(Unknown Source)
	at com.scholastic.torque.common.TestBase$WEBDRIVER.getDriver(TestBase.java:481)
	at com.scholastic.torque.common.TestBase.initDriver(TestBase.java:158)
	at com.scholastic.torque.common.TestBase.getDriver(TestBase.java:83)
	at com.dw.automation.steps.Hooks.afterHook(Hooks.java:129)
	at sun.reflect.NativeMethodAccessorImpl.invoke0(Native Method)
	at sun.reflect.NativeMethodAccessorImpl.invoke(Unknown Source)
	at sun.reflect.DelegatingMethodAccessorImpl.invoke(Unknown Source)
	at java.lang.reflect.Method.invoke(Unknown Source)
	at cucumber.runtime.Utils$1.call(Utils.java:37)
	at cucumber.runtime.Timeout.timeout(Timeout.java:13)
	at cucumber.runtime.Utils.invoke(Utils.java:31)
	at cucumber.runtime.java.JavaHookDefinition.execute(JavaHookDefinition.java:60)
	at cucumber.runtime.Runtime.runHookIfTagsMatch(Runtime.java:223)
	at cucumber.runtime.Runtime.runHooks(Runtime.java:211)
	at cucumber.runtime.Runtime.runAfterHooks(Runtime.java:205)
	at cucumber.runtime.model.CucumberScenario.run(CucumberScenario.java:46)
	at cucumber.runtime.model.CucumberFeature.run(CucumberFeature.java:165)
	at com.scholastic.torque.testng.TestNGCucumberRunner.runCucumber(TestNGCucumberRunner.java:124)
	at com.scholastic.torque.testng.AbstractTestNGCucumberTests.feature(AbstractTestNGCucumberTests.java:30)
	at sun.reflect.NativeMethodAccessorImpl.invoke0(Native Method)
	at sun.reflect.NativeMethodAccessorImpl.invoke(Unknown Source)
	at sun.reflect.DelegatingMethodAccessorImpl.invoke(Unknown Source)
	at java.lang.reflect.Method.invoke(Unknown Source)
	at org.testng.internal.MethodInvocationHelper.invokeMethod(MethodInvocationHelper.java:85)
	at org.testng.internal.Invoker.invokeMethod(Invoker.java:639)
	at org.testng.internal.Invoker.invokeTestMethod(Invoker.java:816)
	at org.testng.internal.Invoker.invokeTestMethods(Invoker.java:1124)
	at org.testng.internal.TestMethodWorker.invokeTestMethods(TestMethodWorker.java:125)
	at org.testng.internal.TestMethodWorker.run(TestMethodWorker.java:108)
	at org.testng.TestRunner.privateRun(TestRunner.java:774)
	at org.testng.TestRunner.run(TestRunner.java:624)
	at org.testng.SuiteRunner.runTest(SuiteRunner.java:359)
	at org.testng.SuiteRunner.access$000(SuiteRunner.java:39)
	at org.testng.SuiteRunner$SuiteWorker.run(SuiteRunner.java:393)
	at org.testng.internal.thread.ThreadUtil$2.call(ThreadUtil.java:64)
	at java.util.concurrent.FutureTask.run(Unknown Source)
	at java.util.concurrent.ThreadPoolExecutor.runWorker(Unknown Source)
	at java.util.concurrent.ThreadPoolExecutor$Worker.run(Unknown Source)
	at java.lang.Thread.run(Unknown Source)
Caused by: com.google.common.util.concurrent.UncheckedTimeoutException: java.util.concurrent.TimeoutException
	at com.google.common.util.concurrent.SimpleTimeLimiter.callWithTimeout(SimpleTimeLimiter.java:140)
	at org.openqa.selenium.net.UrlChecker.waitUntilAvailable(UrlChecker.java:80)
	at org.openqa.selenium.remote.service.DriverService.waitUntilAvailable(DriverService.java:190)
	at org.openqa.selenium.remote.service.DriverService.start(DriverService.java:181)
	at org.openqa.selenium.remote.service.DriverCommandExecutor.execute(DriverCommandExecutor.java:78)
	at org.openqa.selenium.remote.RemoteWebDriver.execute(RemoteWebDriver.java:637)
	at org.openqa.selenium.remote.RemoteWebDriver.startSession(RemoteWebDriver.java:250)
	at org.openqa.selenium.remote.RemoteWebDriver.startSession(RemoteWebDriver.java:236)
	at org.openqa.selenium.remote.RemoteWebDriver.<init>(RemoteWebDriver.java:137)
	at org.openqa.selenium.chrome.ChromeDriver.<init>(ChromeDriver.java:184)
	at org.openqa.selenium.chrome.ChromeDriver.<init>(ChromeDriver.java:171)
	at org.openqa.selenium.chrome.ChromeDriver.<init>(ChromeDriver.java:124)
	at sun.reflect.NativeConstructorAccessorImpl.newInstance0(Native Method)
	at sun.reflect.NativeConstructorAccessorImpl.newInstance(Unknown Source)
	at sun.reflect.DelegatingConstructorAccessorImpl.newInstance(Unknown Source)
	at java.lang.reflect.Constructor.newInstance(Unknown Source)
	at java.lang.Class.newInstance(Unknown Source)
	at com.scholastic.torque.common.TestBase$WEBDRIVER.getDriver(TestBase.java:481)
	at com.scholastic.torque.common.TestBase.initDriver(TestBase.java:158)
	at com.scholastic.torque.common.TestBase.getDriver(TestBase.java:83)
	at com.dw.automation.steps.Hooks.afterHook(Hooks.java:129)
	at sun.reflect.NativeMethodAccessorImpl.invoke0(Native Method)
	at sun.reflect.NativeMethodAccessorImpl.invoke(Unknown Source)
	at sun.reflect.DelegatingMethodAccessorImpl.invoke(Unknown Source)
	at java.lang.reflect.Method.invoke(Unknown Source)
	at cucumber.runtime.Utils$1.call(Utils.java:37)
	at cucumber.runtime.Timeout.timeout(Timeout.java:13)
	at cucumber.runtime.Utils.invoke(Utils.java:31)
	at cucumber.runtime.java.JavaHookDefinition.execute(JavaHookDefinition.java:60)
	at cucumber.runtime.Runtime.runHookIfTagsMatch(Runtime.java:223)
	at cucumber.runtime.Runtime.runHooks(Runtime.java:211)
	at cucumber.runtime.Runtime.runAfterHooks(Runtime.java:205)
	at cucumber.runtime.model.CucumberScenario.run(CucumberScenario.java:46)
	at cucumber.runtime.model.CucumberFeature.run(CucumberFeature.java:165)
	at com.scholastic.torque.testng.TestNGCucumberRunner.runCucumber(TestNGCucumberRunner.java:124)
	at com.scholastic.torque.testng.AbstractTestNGCucumberTests.feature(AbstractTestNGCucumberTests.java:30)
	at sun.reflect.NativeMethodAccessorImpl.invoke0(Native Method)
	at sun.reflect.NativeMethodAccessorImpl.invoke(Unknown Source)
	at sun.reflect.DelegatingMethodAccessorImpl.invoke(Unknown Source)
	at java.lang.reflect.Method.invoke(Unknown Source)
	at org.testng.internal.MethodInvocationHelper.invokeMethod(MethodInvocationHelper.java:85)
	at org.testng.internal.Invoker.invokeMethod(Invoker.java:639)
	at org.testng.internal.Invoker.invokeTestMethod(Invoker.java:816)
	at org.testng.internal.Invoker.invokeTestMethods(Invoker.java:1124)
	at org.testng.internal.TestMethodWorker.invokeTestMethods(TestMethodWorker.java:125)
	at org.testng.internal.TestMethodWorker.run(TestMethodWorker.java:108)
	at org.testng.TestRunner.privateRun(TestRunner.java:774)
	at org.testng.TestRunner.run(TestRunner.java:624)
	at org.testng.SuiteRunner.runTest(SuiteRunner.java:359)
	at org.testng.SuiteRunner.access$000(SuiteRunner.java:39)
	at org.testng.SuiteRunner$SuiteWorker.run(SuiteRunner.java:393)
	at org.testng.internal.thread.ThreadUtil$2.call(ThreadUtil.java:64)
	at java.util.concurrent.FutureTask.run(Unknown Source)
	at java.util.concurrent.ThreadPoolExecutor.runWorker(Unknown Source)
	at java.util.concurrent.ThreadPoolExecutor$Worker.run(Unknown Source)
	at java.lang.Thread.run(Unknown Source)
Caused by: java.util.concurrent.TimeoutException: null
	at java.util.concurrent.FutureTask.get(Unknown Source)
	at com.google.common.util.concurrent.SimpleTimeLimiter.callWithTimeout(SimpleTimeLimiter.java:128)
	at org.openqa.selenium.net.UrlChecker.waitUntilAvailable(UrlChecker.java:80)
	at org.openqa.selenium.remote.service.DriverService.waitUntilAvailable(DriverService.java:190)
	at org.openqa.selenium.remote.service.DriverService.start(DriverService.java:181)
	at org.openqa.selenium.remote.service.DriverCommandExecutor.execute(DriverCommandExecutor.java:78)
	at org.openqa.selenium.remote.RemoteWebDriver.execute(RemoteWebDriver.java:637)
	at org.openqa.selenium.remote.RemoteWebDriver.startSession(RemoteWebDriver.java:250)
	at org.openqa.selenium.remote.RemoteWebDriver.startSession(RemoteWebDriver.java:236)
	at org.openqa.selenium.remote.RemoteWebDriver.<init>(RemoteWebDriver.java:137)
	at org.openqa.selenium.chrome.ChromeDriver.<init>(ChromeDriver.java:184)
	at org.openqa.selenium.chrome.ChromeDriver.<init>(ChromeDriver.java:171)
	at org.openqa.selenium.chrome.ChromeDriver.<init>(ChromeDriver.java:124)
	at sun.reflect.NativeConstructorAccessorImpl.newInstance0(Native Method)
	at sun.reflect.NativeConstructorAccessorImpl.newInstance(Unknown Source)
	at sun.reflect.DelegatingConstructorAccessorImpl.newInstance(Unknown Source)
	at java.lang.reflect.Constructor.newInstance(Unknown Source)
	at java.lang.Class.newInstance(Unknown Source)
	at com.scholastic.torque.common.TestBase$WEBDRIVER.getDriver(TestBase.java:481)
	at com.scholastic.torque.common.TestBase.initDriver(TestBase.java:158)
	at com.scholastic.torque.common.TestBase.getDriver(TestBase.java:83)
	at com.dw.automation.steps.Hooks.afterHook(Hooks.java:129)
	at sun.reflect.NativeMethodAccessorImpl.invoke0(Native Method)
	at sun.reflect.NativeMethodAccessorImpl.invoke(Unknown Source)
	at sun.reflect.DelegatingMethodAccessorImpl.invoke(Unknown Source)
	at java.lang.reflect.Method.invoke(Unknown Source)
	at cucumber.runtime.Utils$1.call(Utils.java:37)
	at cucumber.runtime.Timeout.timeout(Timeout.java:13)
	at cucumber.runtime.Utils.invoke(Utils.java:31)
	at cucumber.runtime.java.JavaHookDefinition.execute(JavaHookDefinition.java:60)
	at cucumber.runtime.Runtime.runHookIfTagsMatch(Runtime.java:223)
	at cucumber.runtime.Runtime.runHooks(Runtime.java:211)
	at cucumber.runtime.Runtime.runAfterHooks(Runtime.java:205)
	at cucumber.runtime.model.CucumberScenario.run(CucumberScenario.java:46)
	at cucumber.runtime.model.CucumberFeature.run(CucumberFeature.java:165)
	at com.scholastic.torque.testng.TestNGCucumberRunner.runCucumber(TestNGCucumberRunner.java:124)
	at com.scholastic.torque.testng.AbstractTestNGCucumberTests.feature(AbstractTestNGCucumberTests.java:30)
	at sun.reflect.NativeMethodAccessorImpl.invoke0(Native Method)
	at sun.reflect.NativeMethodAccessorImpl.invoke(Unknown Source)
	at sun.reflect.DelegatingMethodAccessorImpl.invoke(Unknown Source)
	at java.lang.reflect.Method.invoke(Unknown Source)
	at org.testng.internal.MethodInvocationHelper.invokeMethod(MethodInvocationHelper.java:85)
	at org.testng.internal.Invoker.invokeMethod(Invoker.java:639)
	at org.testng.internal.Invoker.invokeTestMethod(Invoker.java:816)
	at org.testng.internal.Invoker.invokeTestMethods(Invoker.java:1124)
	at org.testng.internal.TestMethodWorker.invokeTestMethods(TestMethodWorker.java:125)
	at org.testng.internal.TestMethodWorker.run(TestMethodWorker.java:108)
	at org.testng.TestRunner.privateRun(TestRunner.java:774)
	at org.testng.TestRunner.run(TestRunner.java:624)
	at org.testng.SuiteRunner.runTest(SuiteRunner.java:359)
	at org.testng.SuiteRunner.access$000(SuiteRunner.java:39)
	at org.testng.SuiteRunner$SuiteWorker.run(SuiteRunner.java:393)
	at org.testng.internal.thread.ThreadUtil$2.call(ThreadUtil.java:64)
	at java.util.concurrent.FutureTask.run(Unknown Source)
	at java.util.concurrent.ThreadPoolExecutor.runWorker(Unknown Source)
	at java.util.concurrent.ThreadPoolExecutor$Worker.run(Unknown Source)
	at java.lang.Thread.run(Unknown Source)
]]></failure>
    <system-out><![CDATA[Loading: F:\auto\GenesisUIAutomation\target\test-classes\application.properties
Loading resources from: F:\auto\GenesisUIAutomation\target\test-classes\qa
Loading resources from: F:\auto\GenesisUIAutomation\target\test-classes\qa\data
Loading: F:\auto\GenesisUIAutomation\target\test-classes\qa\data\A_Dev_BTSRelease.xml
Loading: F:\auto\GenesisUIAutomation\target\test-classes\qa\data\BM_User_Creation.xml
Loading: F:\auto\GenesisUIAutomation\target\test-classes\qa\data\BonusFlat.xml
Loading: F:\auto\GenesisUIAutomation\target\test-classes\qa\data\BonusPercentage.xml
Loading: F:\auto\GenesisUIAutomation\target\test-classes\qa\data\BTSRelease.xml
Loading: F:\auto\GenesisUIAutomation\target\test-classes\qa\data\BVT.xml
Loading: F:\auto\GenesisUIAutomation\target\test-classes\qa\data\ConfirmAndSubmitPage.xml
Loading: F:\auto\GenesisUIAutomation\target\test-classes\qa\data\ConfirmAndSubmit_2.xml
Loading: F:\auto\GenesisUIAutomation\target\test-classes\qa\data\CouponsandPromotions.xml
Loading: F:\auto\GenesisUIAutomation\target\test-classes\qa\data\CSR_All_InSprints_Dev35.xml
Loading: F:\auto\GenesisUIAutomation\target\test-classes\qa\data\CSR_All_InSprints_QA.xml
Loading: F:\auto\GenesisUIAutomation\target\test-classes\qa\data\CSR_All_InSprints_QA_Perf.xml
Loading: F:\auto\GenesisUIAutomation\target\test-classes\qa\data\CSR_CIM.xml
Loading: F:\auto\GenesisUIAutomation\target\test-classes\qa\data\CSR_CustomizeOrderEntryForm.xml
Loading: F:\auto\GenesisUIAutomation\target\test-classes\qa\data\CSR_DuplicateItems_in_ReviewCartPage_428.xml
Loading: F:\auto\GenesisUIAutomation\target\test-classes\qa\data\CSR_InSprint_12.4.xml
Loading: F:\auto\GenesisUIAutomation\target\test-classes\qa\data\CSR_InSprint_12.5.xml
Loading: F:\auto\GenesisUIAutomation\target\test-classes\qa\data\CSR_InSprint_13.1.xml
Loading: F:\auto\GenesisUIAutomation\target\test-classes\qa\data\CSR_InSprint_13.2.xml
Loading: F:\auto\GenesisUIAutomation\target\test-classes\qa\data\CSR_InSprint_13.3.xml
Loading: F:\auto\GenesisUIAutomation\target\test-classes\qa\data\CSR_InSprint_13.4.xml
Loading: F:\auto\GenesisUIAutomation\target\test-classes\qa\data\CSR_InSprint_13.5.xml
Loading: F:\auto\GenesisUIAutomation\target\test-classes\qa\data\CSR_InSprint_14.2.xml
Loading: F:\auto\GenesisUIAutomation\target\test-classes\qa\data\CSR_InSprint_14.3.xml
Loading: F:\auto\GenesisUIAutomation\target\test-classes\qa\data\CSR_InSprint_14.4.xml
Loading: F:\auto\GenesisUIAutomation\target\test-classes\qa\data\CSR_InSprint_14.5.xml
Loading: F:\auto\GenesisUIAutomation\target\test-classes\qa\data\CSR_InSprint_15.1.xml
Loading: F:\auto\GenesisUIAutomation\target\test-classes\qa\data\CSR_InSprint_15.2.xml
Loading: F:\auto\GenesisUIAutomation\target\test-classes\qa\data\CSR_InSprint_15.5.xml
Loading: F:\auto\GenesisUIAutomation\target\test-classes\qa\data\CSR_InSprint_16.3.xml
Loading: F:\auto\GenesisUIAutomation\target\test-classes\qa\data\CSR_LoginPage.xml
Loading: F:\auto\GenesisUIAutomation\target\test-classes\qa\data\CSR_OrderEntry.xml
Loading: F:\auto\GenesisUIAutomation\target\test-classes\qa\data\CSR_OrderEntry_CreateOrderPage.xml
Loading: F:\auto\GenesisUIAutomation\target\test-classes\qa\data\CSR_OrderEntry_HeaderAndStepScript_109.xml
Loading: F:\auto\GenesisUIAutomation\target\test-classes\qa\data\CSR_OrderEntry_PageValidation.xml
Loading: F:\auto\GenesisUIAutomation\target\test-classes\qa\data\CSR_QA_Login_Logout.xml
Loading: F:\auto\GenesisUIAutomation\target\test-classes\qa\data\CSR_RedemptionsAndRewards.xml
Loading: F:\auto\GenesisUIAutomation\target\test-classes\qa\data\CSR_RedemptionsAndRewards_178.xml
Loading: F:\auto\GenesisUIAutomation\target\test-classes\qa\data\CSR_RedemptionsAndRewards_180.xml
Loading: F:\auto\GenesisUIAutomation\target\test-classes\qa\data\CSR_RedemptionsAndRewards_182.xml
Loading: F:\auto\GenesisUIAutomation\target\test-classes\qa\data\CSR_RedemptionsAndRewards_184.xml
Loading: F:\auto\GenesisUIAutomation\target\test-classes\qa\data\CSR_RedemptionsAndRewards_185.xml
Loading: F:\auto\GenesisUIAutomation\target\test-classes\qa\data\CSR_RedemptionsAndRewards_186.xml
Loading: F:\auto\GenesisUIAutomation\target\test-classes\qa\data\CSR_RedemptionsAndRewards_188.xml
Loading: F:\auto\GenesisUIAutomation\target\test-classes\qa\data\CSR_RedemptionsAndRewards_216.xml
Loading: F:\auto\GenesisUIAutomation\target\test-classes\qa\data\CSR_RedemptionsAndRewards_293.xml
Loading: F:\auto\GenesisUIAutomation\target\test-classes\qa\data\CSR_RedemptionsAndRewards_295.xml
Loading: F:\auto\GenesisUIAutomation\target\test-classes\qa\data\CSR_RedemptionsAndRewards_340.xml
Loading: F:\auto\GenesisUIAutomation\target\test-classes\qa\data\CSR_RedemptionsAndRewards_564.xml
Loading: F:\auto\GenesisUIAutomation\target\test-classes\qa\data\CSR_RedemptionsAndRewards_574.xml
Loading: F:\auto\GenesisUIAutomation\target\test-classes\qa\data\CSR_RedemptionsRewards_PageFramework_173.xml
Loading: F:\auto\GenesisUIAutomation\target\test-classes\qa\data\CSR_RedemptionsRewards_PageHeaderCSR_Script_175.xml
Loading: F:\auto\GenesisUIAutomation\target\test-classes\qa\data\CSR_RedemptionsRewards_StepHeader_174.xml
Loading: F:\auto\GenesisUIAutomation\target\test-classes\qa\data\CSR_ReviewCart_AccumuilatedCartTot_165.xml
Loading: F:\auto\GenesisUIAutomation\target\test-classes\qa\data\CSR_ReviewCart_BackToShop_289.xml
Loading: F:\auto\GenesisUIAutomation\target\test-classes\qa\data\CSR_ReviewCart_PageHeaderAndCSR_Script_158.xml
Loading: F:\auto\GenesisUIAutomation\target\test-classes\qa\data\CSR_ReviewCart_PageValidation_167.xml
Loading: F:\auto\GenesisUIAutomation\target\test-classes\qa\data\CSR_ReviewCart_ProceedToCheckout_194.xml
Loading: F:\auto\GenesisUIAutomation\target\test-classes\qa\data\CSR_ReviewCart_StepHeader.xml
Loading: F:\auto\GenesisUIAutomation\target\test-classes\qa\data\CSR_ReviewCart_YTO_DeleteItem_291.xml
Loading: F:\auto\GenesisUIAutomation\target\test-classes\qa\data\CSR_TCOD_InSprint_14.5.xml
Loading: F:\auto\GenesisUIAutomation\target\test-classes\qa\data\CSR_YTO_Teacher_Catalogue_Module.xml
Loading: F:\auto\GenesisUIAutomation\target\test-classes\qa\data\DataProfile.xml
Loading: F:\auto\GenesisUIAutomation\target\test-classes\qa\data\Dev35_Insprint_11.2.xml
Loading: F:\auto\GenesisUIAutomation\target\test-classes\qa\data\Dev35_Insprint_11.3.xml
Loading: F:\auto\GenesisUIAutomation\target\test-classes\qa\data\Dev35_Insprint_11.4.xml
Loading: F:\auto\GenesisUIAutomation\target\test-classes\qa\data\Dev35_Insprint_11.5.xml
Loading: F:\auto\GenesisUIAutomation\target\test-classes\qa\data\Dev35_Insprint_12.1.xml
Loading: F:\auto\GenesisUIAutomation\target\test-classes\qa\data\Dev35_Insprint_12.2.xml
Loading: F:\auto\GenesisUIAutomation\target\test-classes\qa\data\Dev35_Insprint_12.3.xml
Loading: F:\auto\GenesisUIAutomation\target\test-classes\qa\data\Dev35_Insprint_12.4.xml
Loading: F:\auto\GenesisUIAutomation\target\test-classes\qa\data\Dev35_InSprint_13.3_TCOD.xml
Loading: F:\auto\GenesisUIAutomation\target\test-classes\qa\data\Dev35_Insprint_14.3.xml
Loading: F:\auto\GenesisUIAutomation\target\test-classes\qa\data\Dev35_Insprint_15.1.xml
Loading: F:\auto\GenesisUIAutomation\target\test-classes\qa\data\Dev35_PCOD_Insprint_12.3.xml
Loading: F:\auto\GenesisUIAutomation\target\test-classes\qa\data\Dev35_PCOD_Insprint_12.4.xml
Loading: F:\auto\GenesisUIAutomation\target\test-classes\qa\data\Dev35_PCOD_Insprint_12.5.xml
Loading: F:\auto\GenesisUIAutomation\target\test-classes\qa\data\Dev35_PCOD_Insprint_13.1.xml
Loading: F:\auto\GenesisUIAutomation\target\test-classes\qa\data\Dev35_PCOD_Insprint_13.2.xml
Loading: F:\auto\GenesisUIAutomation\target\test-classes\qa\data\Dev35_PCOD_Insprint_13.3.xml
Loading: F:\auto\GenesisUIAutomation\target\test-classes\qa\data\Dev35_PCOD_Insprint_13.4.xml
Loading: F:\auto\GenesisUIAutomation\target\test-classes\qa\data\Dev35_PCOD_Insprint_13.5.xml
Loading: F:\auto\GenesisUIAutomation\target\test-classes\qa\data\Dev35_PCOD_Insprint_14.1.xml
Loading: F:\auto\GenesisUIAutomation\target\test-classes\qa\data\Dev35_PCOD_Insprint_14.2.xml
Loading: F:\auto\GenesisUIAutomation\target\test-classes\qa\data\Dev35_PCOD_Insprint_16.1.xml
Loading: F:\auto\GenesisUIAutomation\target\test-classes\qa\data\Dev35_PCOD_Insprint_16.2.xml
Loading: F:\auto\GenesisUIAutomation\target\test-classes\qa\data\Dev35_PCOD_Insprint_16.3.xml
Loading: F:\auto\GenesisUIAutomation\target\test-classes\qa\data\Dev35_PCOD_Insprint_16.4.xml
Loading: F:\auto\GenesisUIAutomation\target\test-classes\qa\data\Dev35_PCOD_Insprint_16.5.xml
Loading: F:\auto\GenesisUIAutomation\target\test-classes\qa\data\Dev_BTSRelease.xml
Loading: F:\auto\GenesisUIAutomation\target\test-classes\qa\data\Dev_Insprint_11.2.xml
Loading: F:\auto\GenesisUIAutomation\target\test-classes\qa\data\Dev_TOCOD.xml
Loading: F:\auto\GenesisUIAutomation\target\test-classes\qa\data\DollarsToSpend.xml
Loading: F:\auto\GenesisUIAutomation\target\test-classes\qa\data\DTS.xml
Loading: F:\auto\GenesisUIAutomation\target\test-classes\qa\data\DTS_Checkout.xml
Loading: F:\auto\GenesisUIAutomation\target\test-classes\qa\data\DTS_SelectionIssue.xml
Loading: F:\auto\GenesisUIAutomation\target\test-classes\qa\data\End2End.xml
Loading: F:\auto\GenesisUIAutomation\target\test-classes\qa\data\FreeItem.xml
Loading: F:\auto\GenesisUIAutomation\target\test-classes\qa\data\FreePick.xml
Loading: F:\auto\GenesisUIAutomation\target\test-classes\qa\data\FreePick_2.xml
Loading: F:\auto\GenesisUIAutomation\target\test-classes\qa\data\FreeShipping.xml
Loading: F:\auto\GenesisUIAutomation\target\test-classes\qa\data\Golden.xml
Loading: F:\auto\GenesisUIAutomation\target\test-classes\qa\data\InSprint-14.5.xml
Loading resources from: F:\auto\GenesisUIAutomation\target\test-classes\qa\data\InSprint_11.3
Loading: F:\auto\GenesisUIAutomation\target\test-classes\qa\data\InSprint_11.3\Dev35_Insprint_11.3.xml
Loading: F:\auto\GenesisUIAutomation\target\test-classes\qa\data\InSprint_14.3.xml
Loading: F:\auto\GenesisUIAutomation\target\test-classes\qa\data\InSprint_TCOD_14.4.xml
Loading: F:\auto\GenesisUIAutomation\target\test-classes\qa\data\InSprint_TCOD_14.5.xml
Loading: F:\auto\GenesisUIAutomation\target\test-classes\qa\data\integration.xml
Loading: F:\auto\GenesisUIAutomation\target\test-classes\qa\data\MonitorAuthorizationIssue.xml
Loading: F:\auto\GenesisUIAutomation\target\test-classes\qa\data\MyAccount.xml
Loading: F:\auto\GenesisUIAutomation\target\test-classes\qa\data\NewProfile.xml
Loading: F:\auto\GenesisUIAutomation\target\test-classes\qa\data\New_TCOD.xml
Loading: F:\auto\GenesisUIAutomation\target\test-classes\qa\data\ParentCheckout.xml
Loading: F:\auto\GenesisUIAutomation\target\test-classes\qa\data\ParentCoupon.xml
Loading: F:\auto\GenesisUIAutomation\target\test-classes\qa\data\ParentCreation.xml
Loading: F:\auto\GenesisUIAutomation\target\test-classes\qa\data\ParentEndToEnd.xml
Loading: F:\auto\GenesisUIAutomation\target\test-classes\qa\data\ParentEndtoEnd2.xml
Loading: F:\auto\GenesisUIAutomation\target\test-classes\qa\data\ParentPlacingOrders.xml
Loading: F:\auto\GenesisUIAutomation\target\test-classes\qa\data\Payment.xml
Loading: F:\auto\GenesisUIAutomation\target\test-classes\qa\data\PCOD_InSprint16.3.xml
Loading: F:\auto\GenesisUIAutomation\target\test-classes\qa\data\PROD_Cheulando.xml
Loading: F:\auto\GenesisUIAutomation\target\test-classes\qa\data\Promotions.xml
Loading: F:\auto\GenesisUIAutomation\target\test-classes\qa\data\QAStudentIncentive.xml
Loading: F:\auto\GenesisUIAutomation\target\test-classes\qa\data\QA_InsprintTCOD.xml
Loading: F:\auto\GenesisUIAutomation\target\test-classes\qa\data\redington.xml
Loading: F:\auto\GenesisUIAutomation\target\test-classes\qa\data\Registration.xml
Loading: F:\auto\GenesisUIAutomation\target\test-classes\qa\data\ReviewCart.xml
Loading: F:\auto\GenesisUIAutomation\target\test-classes\qa\data\RewardsAndCoupons.xml
Loading: F:\auto\GenesisUIAutomation\target\test-classes\qa\data\Satnam.xml
Loading: F:\auto\GenesisUIAutomation\target\test-classes\qa\data\SavedCart.xml
Loading: F:\auto\GenesisUIAutomation\target\test-classes\qa\data\SFO.xml
Loading: F:\auto\GenesisUIAutomation\target\test-classes\qa\data\SSDev36_PCOD.xml
Loading: F:\auto\GenesisUIAutomation\target\test-classes\qa\data\SubmittedPage.xml
Loading: F:\auto\GenesisUIAutomation\target\test-classes\qa\data\TCOD_InSprint16.1.xml
Loading: F:\auto\GenesisUIAutomation\target\test-classes\qa\data\TCOD_Insprint_13.2.xml
Loading: F:\auto\GenesisUIAutomation\target\test-classes\qa\data\TCOD_InSprint_14.4.xml
Loading: F:\auto\GenesisUIAutomation\target\test-classes\qa\data\TCOD_InSprint_15.2.xml
Loading: F:\auto\GenesisUIAutomation\target\test-classes\qa\data\TeacherCart.xml
Loading: F:\auto\GenesisUIAutomation\target\test-classes\qa\data\TeacherCheckout.xml
Loading: F:\auto\GenesisUIAutomation\target\test-classes\qa\data\TeacherDesk.xml
Loading: F:\auto\GenesisUIAutomation\target\test-classes\qa\data\TGAT.xml
Loading: F:\auto\GenesisUIAutomation\target\test-classes\qa\data\TGAT_ParallelRun.xml
Loading: F:\auto\GenesisUIAutomation\target\test-classes\qa\data\YTO.xml
Loading: F:\auto\GenesisUIAutomation\target\test-classes\qa\env.properties
Loading: F:\auto\GenesisUIAutomation\target\test-classes\qa\ItemDetails.properties
Loading resources from: F:\auto\GenesisUIAutomation\target\test-classes\qa\locators
Loading resources from: F:\auto\GenesisUIAutomation\target\test-classes\qa\locators\desktop
Loading: F:\auto\GenesisUIAutomation\target\test-classes\qa\locators\desktop\AddToWishListComponent.properties
Loading: F:\auto\GenesisUIAutomation\target\test-classes\qa\locators\desktop\AutoFreePromotion.properties
Loading: F:\auto\GenesisUIAutomation\target\test-classes\qa\locators\desktop\BasePageImpl.properties
Loading: F:\auto\GenesisUIAutomation\target\test-classes\qa\locators\desktop\BasePageImpl_2.properties
Loading resources from: F:\auto\GenesisUIAutomation\target\test-classes\qa\locators\desktop\BM
Loading: F:\auto\GenesisUIAutomation\target\test-classes\qa\locators\desktop\BM\BM_DevelopmentEnv.properties
Loading: F:\auto\GenesisUIAutomation\target\test-classes\qa\locators\desktop\BooksAndResourcesPage.properties
Loading: F:\auto\GenesisUIAutomation\target\test-classes\qa\locators\desktop\CalendarComponent.properties
Loading: F:\auto\GenesisUIAutomation\target\test-classes\qa\locators\desktop\CartPage.properties
Loading: F:\auto\GenesisUIAutomation\target\test-classes\qa\locators\desktop\CheckoutPage.properties
Loading: F:\auto\GenesisUIAutomation\target\test-classes\qa\locators\desktop\CouponSection.properties
Loading resources from: F:\auto\GenesisUIAutomation\target\test-classes\qa\locators\desktop\CSR
Loading: F:\auto\GenesisUIAutomation\target\test-classes\qa\locators\desktop\CSR\Csr.properties
Loading: F:\auto\GenesisUIAutomation\target\test-classes\qa\locators\desktop\CSR\Csr_OrderEntry.properties
Loading: F:\auto\GenesisUIAutomation\target\test-classes\qa\locators\desktop\CSR.properties
Loading: F:\auto\GenesisUIAutomation\target\test-classes\qa\locators\desktop\FooterSection.properties
Loading: F:\auto\GenesisUIAutomation\target\test-classes\qa\locators\desktop\ForgotAccountInfoPage.properties
Loading: F:\auto\GenesisUIAutomation\target\test-classes\qa\locators\desktop\HeaderSection.properties
Loading: F:\auto\GenesisUIAutomation\target\test-classes\qa\locators\desktop\LoginPage.properties
Loading: F:\auto\GenesisUIAutomation\target\test-classes\qa\locators\desktop\ParentCartComponent.properties
Loading: F:\auto\GenesisUIAutomation\target\test-classes\qa\locators\desktop\ParentHomePage.properties
Loading: F:\auto\GenesisUIAutomation\target\test-classes\qa\locators\desktop\ParentsRegistrationPage.properties
Loading resources from: F:\auto\GenesisUIAutomation\target\test-classes\qa\locators\desktop\pcod
Loading: F:\auto\GenesisUIAutomation\target\test-classes\qa\locators\desktop\pcod\HomePage.properties
Loading: F:\auto\GenesisUIAutomation\target\test-classes\qa\locators\desktop\pcod\LoginPage.properties
Loading: F:\auto\GenesisUIAutomation\target\test-classes\qa\locators\desktop\pcod\PDPPage.properties
Loading: F:\auto\GenesisUIAutomation\target\test-classes\qa\locators\desktop\pcod\ReviewCartPage.properties
Loading: F:\auto\GenesisUIAutomation\target\test-classes\qa\locators\desktop\pcod\ShippingAndPaymentPage.properties
Loading: F:\auto\GenesisUIAutomation\target\test-classes\qa\locators\desktop\pcod\SubmitYourOrderPage.properties
Loading: F:\auto\GenesisUIAutomation\target\test-classes\qa\locators\desktop\ProductComponent.properties
Loading: F:\auto\GenesisUIAutomation\target\test-classes\qa\locators\desktop\ProductDetailPage.properties
Loading: F:\auto\GenesisUIAutomation\target\test-classes\qa\locators\desktop\ProductDetailsPopupSection.properties
Loading: F:\auto\GenesisUIAutomation\target\test-classes\qa\locators\desktop\ProductOrderSummaryComponent.properties
Loading: F:\auto\GenesisUIAutomation\target\test-classes\qa\locators\desktop\ProductOrderTableComponent.properties
Loading: F:\auto\GenesisUIAutomation\target\test-classes\qa\locators\desktop\ProfilePage.properties
Loading: F:\auto\GenesisUIAutomation\target\test-classes\qa\locators\desktop\ReviewOrderPage.properties
Loading: F:\auto\GenesisUIAutomation\target\test-classes\qa\locators\desktop\SCHUtil.properties
Loading: F:\auto\GenesisUIAutomation\target\test-classes\qa\locators\desktop\StudentFlyerOrdersCartComponent.properties
Loading: F:\auto\GenesisUIAutomation\target\test-classes\qa\locators\desktop\StudentFlyerOrdersPage.properties
Loading: F:\auto\GenesisUIAutomation\target\test-classes\qa\locators\desktop\StudentOnlineOrdersCartComponent.properties
Loading: F:\auto\GenesisUIAutomation\target\test-classes\qa\locators\desktop\StudentOnlineOrdersPage.properties
Loading: F:\auto\GenesisUIAutomation\target\test-classes\qa\locators\desktop\TeachersDeskPage.properties
Loading: F:\auto\GenesisUIAutomation\target\test-classes\qa\locators\desktop\TeachersHomePage.properties
Loading: F:\auto\GenesisUIAutomation\target\test-classes\qa\locators\desktop\TeachersRegistrationPage.properties
Loading: F:\auto\GenesisUIAutomation\target\test-classes\qa\locators\desktop\YourTeacherOrderPage.properties
Loading: F:\auto\GenesisUIAutomation\target\test-classes\qa\locators\desktop\YourTeacherOrdersCartComponent.properties
Loading resources from: F:\auto\GenesisUIAutomation\target\test-classes\qa\locators\redington
Loading: F:\auto\GenesisUIAutomation\target\test-classes\qa\locators\redington\CustCreditPage.properties
Loading: F:\auto\GenesisUIAutomation\target\test-classes\qa\locators\redington\CustomerPage.properties
Loading: F:\auto\GenesisUIAutomation\target\test-classes\qa\locators\redington\Login.properties
Loading: F:\auto\GenesisUIAutomation\target\test-classes\qa\locators\redington\MailinatorPage.properties
Loading: F:\auto\GenesisUIAutomation\target\test-classes\qa\locators\redington\MarketPlacePage.properties
Loading: F:\auto\GenesisUIAutomation\target\test-classes\qa\locators\redington\OrgCreateAndApprove.properties
Loading: F:\auto\GenesisUIAutomation\target\test-classes\qa\locators\redington\OrgCreditRequestPage.properties
Loading: F:\auto\GenesisUIAutomation\target\test-classes\qa\locators\redington\PartnerUserPage.properties
Loading resources from: F:\auto\GenesisUIAutomation\target\test-classes\qa\tdm
Loading: F:\auto\GenesisUIAutomation\target\test-classes\qa\tdm\requests.xml
Feature: Validate MPN id
&amp#27;[31mFailure in after hook:&amp#27;[0m&amp#27;[31mHooks.afterHook(Scenario)&amp#27;[0m
&amp#27;[31mMessage: &amp#27;[0m&amp#27;[31mjava.lang.RuntimeException: Unable to create local driver
	at com.scholastic.torque.common.TestBase.initDriver(TestBase.java:163)
	at com.scholastic.torque.common.TestBase.getDriver(TestBase.java:83)
	at com.dw.automation.steps.Hooks.afterHook(Hooks.java:129)
	at sun.reflect.NativeMethodAccessorImpl.invoke0(Native Method)
	at sun.reflect.NativeMethodAccessorImpl.invoke(Unknown Source)
	at sun.reflect.DelegatingMethodAccessorImpl.invoke(Unknown Source)
	at java.lang.reflect.Method.invoke(Unknown Source)
	at cucumber.runtime.Utils$1.call(Utils.java:37)
	at cucumber.runtime.Timeout.timeout(Timeout.java:13)
	at cucumber.runtime.Utils.invoke(Utils.java:31)
	at cucumber.runtime.java.JavaHookDefinition.execute(JavaHookDefinition.java:60)
	at cucumber.runtime.Runtime.runHookIfTagsMatch(Runtime.java:223)
	at cucumber.runtime.Runtime.runHooks(Runtime.java:211)
	at cucumber.runtime.Runtime.runAfterHooks(Runtime.java:205)
	at cucumber.runtime.model.CucumberScenario.run(CucumberScenario.java:46)
	at cucumber.runtime.model.CucumberFeature.run(CucumberFeature.java:165)
	at com.scholastic.torque.testng.TestNGCucumberRunner.runCucumber(TestNGCucumberRunner.java:124)
	at com.scholastic.torque.testng.AbstractTestNGCucumberTests.feature(AbstractTestNGCucumberTests.java:30)
	at sun.reflect.NativeMethodAccessorImpl.invoke0(Native Method)
	at sun.reflect.NativeMethodAccessorImpl.invoke(Unknown Source)
	at sun.reflect.DelegatingMethodAccessorImpl.invoke(Unknown Source)
	at java.lang.reflect.Method.invoke(Unknown Source)
	at org.testng.internal.MethodInvocationHelper.invokeMethod(MethodInvocationHelper.java:85)
	at org.testng.internal.Invoker.invokeMethod(Invoker.java:639)
	at org.testng.internal.Invoker.invokeTestMethod(Invoker.java:816)
	at org.testng.internal.Invoker.invokeTestMethods(Invoker.java:1124)
	at org.testng.internal.TestMethodWorker.invokeTestMethods(TestMethodWorker.java:125)
	at org.testng.internal.TestMethodWorker.run(TestMethodWorker.java:108)
	at org.testng.TestRunner.privateRun(TestRunner.java:774)
	at org.testng.TestRunner.run(TestRunner.java:624)
	at org.testng.SuiteRunner.runTest(SuiteRunner.java:359)
	at org.testng.SuiteRunner.access$000(SuiteRunner.java:39)
	at org.testng.SuiteRunner$SuiteWorker.run(SuiteRunner.java:393)
	at org.testng.internal.thread.ThreadUtil$2.call(ThreadUtil.java:64)
	at java.util.concurrent.FutureTask.run(Unknown Source)
	at java.util.concurrent.ThreadPoolExecutor.runWorker(Unknown Source)
	at java.util.concurrent.ThreadPoolExecutor$Worker.run(Unknown Source)
	at java.lang.Thread.run(Unknown Source)
Caused by: org.openqa.selenium.WebDriverException: Unalbe to create webdriver
	at com.scholastic.torque.common.TestBase$WEBDRIVER.getDriver(TestBase.java:483)
	at com.scholastic.torque.common.TestBase.initDriver(TestBase.java:158)
	... 37 more
Caused by: org.openqa.selenium.WebDriverException: Timed out waiting for driver server to start.
Build info: version: '3.4.0', revision: 'unknown', time: 'unknown'
System info: host: 'RLE0517', ip: '192.168.152.171', os.name: 'Windows 8.1', os.arch: 'amd64', os.version: '6.3', java.version: '1.8.0_144'
Driver info: driver.version: ChromeDriver
	at org.openqa.selenium.remote.service.DriverService.waitUntilAvailable(DriverService.java:193)
	at org.openqa.selenium.remote.service.DriverService.start(DriverService.java:181)
	at org.openqa.selenium.remote.service.DriverCommandExecutor.execute(DriverCommandExecutor.java:78)
	at org.openqa.selenium.remote.RemoteWebDriver.execute(RemoteWebDriver.java:637)
	at org.openqa.selenium.remote.RemoteWebDriver.startSession(RemoteWebDriver.java:250)
	at org.openqa.selenium.remote.RemoteWebDriver.startSession(RemoteWebDriver.java:236)
	at org.openqa.selenium.remote.RemoteWebDriver.<init>(RemoteWebDriver.java:137)
	at org.openqa.selenium.chrome.ChromeDriver.<init>(ChromeDriver.java:184)
	at org.openqa.selenium.chrome.ChromeDriver.<init>(ChromeDriver.java:171)
	at org.openqa.selenium.chrome.ChromeDriver.<init>(ChromeDriver.java:124)
	at sun.reflect.NativeConstructorAccessorImpl.newInstance0(Native Method)
	at sun.reflect.NativeConstructorAccessorImpl.newInstance(Unknown Source)
	at sun.reflect.DelegatingConstructorAccessorImpl.newInstance(Unknown Source)
	at java.lang.reflect.Constructor.newInstance(Unknown Source)
	at java.lang.Class.newInstance(Unknown Source)
	at com.scholastic.torque.common.TestBase$WEBDRIVER.getDriver(TestBase.java:481)
	... 38 more
Caused by: org.openqa.selenium.net.UrlChecker$TimeoutException: Timed out waiting for [http://localhost:43437/status] to be available after 20010 ms
	at org.openqa.selenium.net.UrlChecker.waitUntilAvailable(UrlChecker.java:107)
	at org.openqa.selenium.remote.service.DriverService.waitUntilAvailable(DriverService.java:190)
	... 53 more
Caused by: com.google.common.util.concurrent.UncheckedTimeoutException: java.util.concurrent.TimeoutException
	at com.google.common.util.concurrent.SimpleTimeLimiter.callWithTimeout(SimpleTimeLimiter.java:140)
	at org.openqa.selenium.net.UrlChecker.waitUntilAvailable(UrlChecker.java:80)
	... 54 more
Caused by: java.util.concurrent.TimeoutException
	at java.util.concurrent.FutureTask.get(Unknown Source)
	at com.google.common.util.concurrent.SimpleTimeLimiter.callWithTimeout(SimpleTimeLimiter.java:128)
	... 55 more
&amp#27;[0m
      &amp#27;[31mjava.lang.RuntimeException: Unable to create local driver
      	at com.scholastic.torque.common.TestBase.initDriver(TestBase.java:163)
      	at com.scholastic.torque.common.TestBase.getDriver(TestBase.java:83)
      	at com.dw.automation.steps.Hooks.afterHook(Hooks.java:129)
      	at sun.reflect.NativeMethodAccessorImpl.invoke0(Native Method)
      	at sun.reflect.NativeMethodAccessorImpl.invoke(Unknown Source)
      	at sun.reflect.DelegatingMethodAccessorImpl.invoke(Unknown Source)
      	at java.lang.reflect.Method.invoke(Unknown Source)
      	at cucumber.runtime.Utils$1.call(Utils.java:37)
      	at cucumber.runtime.Timeout.timeout(Timeout.java:13)
      	at cucumber.runtime.Utils.invoke(Utils.java:31)
      	at cucumber.runtime.java.JavaHookDefinition.execute(JavaHookDefinition.java:60)
      	at cucumber.runtime.Runtime.runHookIfTagsMatch(Runtime.java:223)
      	at cucumber.runtime.Runtime.runHooks(Runtime.java:211)
      	at cucumber.runtime.Runtime.runAfterHooks(Runtime.java:205)
      	at cucumber.runtime.model.CucumberScenario.run(CucumberScenario.java:46)
      	at cucumber.runtime.model.CucumberFeature.run(CucumberFeature.java:165)
      	at com.scholastic.torque.testng.TestNGCucumberRunner.runCucumber(TestNGCucumberRunner.java:124)
      	at com.scholastic.torque.testng.AbstractTestNGCucumberTests.feature(AbstractTestNGCucumberTests.java:30)
      	at sun.reflect.NativeMethodAccessorImpl.invoke0(Native Method)
      	at sun.reflect.NativeMethodAccessorImpl.invoke(Unknown Source)
      	at sun.reflect.DelegatingMethodAccessorImpl.invoke(Unknown Source)
      	at java.lang.reflect.Method.invoke(Unknown Source)
      	at org.testng.internal.MethodInvocationHelper.invokeMethod(MethodInvocationHelper.java:85)
      	at org.testng.internal.Invoker.invokeMethod(Invoker.java:639)
      	at org.testng.internal.Invoker.invokeTestMethod(Invoker.java:816)
      	at org.testng.internal.Invoker.invokeTestMethods(Invoker.java:1124)
      	at org.testng.internal.TestMethodWorker.invokeTestMethods(TestMethodWorker.java:125)
      	at org.testng.internal.TestMethodWorker.run(TestMethodWorker.java:108)
      	at org.testng.TestRunner.privateRun(TestRunner.java:774)
      	at org.testng.TestRunner.run(TestRunner.java:624)
      	at org.testng.SuiteRunner.runTest(SuiteRunner.java:359)
      	at org.testng.SuiteRunner.access$000(SuiteRunner.java:39)
      	at org.testng.SuiteRunner$SuiteWorker.run(SuiteRunner.java:393)
      	at org.testng.internal.thread.ThreadUtil$2.call(ThreadUtil.java:64)
      	at java.util.concurrent.FutureTask.run(Unknown Source)
      	at java.util.concurrent.ThreadPoolExecutor.runWorker(Unknown Source)
      	at java.util.concurrent.ThreadPoolExecutor$Worker.run(Unknown Source)
      	at java.lang.Thread.run(Unknown Source)
      Caused by: org.openqa.selenium.WebDriverException: Unalbe to create webdriver
      	at com.scholastic.torque.common.TestBase$WEBDRIVER.getDriver(TestBase.java:483)
      	at com.scholastic.torque.common.TestBase.initDriver(TestBase.java:158)
      	... 37 more
      Caused by: org.openqa.selenium.WebDriverException: Timed out waiting for driver server to start.
      Build info: version: '3.4.0', revision: 'unknown', time: 'unknown'
      System info: host: 'RLE0517', ip: '192.168.152.171', os.name: 'Windows 8.1', os.arch: 'amd64', os.version: '6.3', java.version: '1.8.0_144'
      Driver info: driver.version: ChromeDriver
      	at org.openqa.selenium.remote.service.DriverService.waitUntilAvailable(DriverService.java:193)
      	at org.openqa.selenium.remote.service.DriverService.start(DriverService.java:181)
      	at org.openqa.selenium.remote.service.DriverCommandExecutor.execute(DriverCommandExecutor.java:78)
      	at org.openqa.selenium.remote.RemoteWebDriver.execute(RemoteWebDriver.java:637)
      	at org.openqa.selenium.remote.RemoteWebDriver.startSession(RemoteWebDriver.java:250)
      	at org.openqa.selenium.remote.RemoteWebDriver.startSession(RemoteWebDriver.java:236)
      	at org.openqa.selenium.remote.RemoteWebDriver.<init>(RemoteWebDriver.java:137)
      	at org.openqa.selenium.chrome.ChromeDriver.<init>(ChromeDriver.java:184)
      	at org.openqa.selenium.chrome.ChromeDriver.<init>(ChromeDriver.java:171)
      	at org.openqa.selenium.chrome.ChromeDriver.<init>(ChromeDriver.java:124)
      	at sun.reflect.NativeConstructorAccessorImpl.newInstance0(Native Method)
      	at sun.reflect.NativeConstructorAccessorImpl.newInstance(Unknown Source)
      	at sun.reflect.DelegatingConstructorAccessorImpl.newInstance(Unknown Source)
      	at java.lang.reflect.Constructor.newInstance(Unknown Source)
      	at java.lang.Class.newInstance(Unknown Source)
      	at com.scholastic.torque.common.TestBase$WEBDRIVER.getDriver(TestBase.java:481)
      	... 38 more
      Caused by: org.openqa.selenium.net.UrlChecker$TimeoutException: Timed out waiting for [http://localhost:43437/status] to be available after 20010 ms
      	at org.openqa.selenium.net.UrlChecker.waitUntilAvailable(UrlChecker.java:107)
      	at org.openqa.selenium.remote.service.DriverService.waitUntilAvailable(DriverService.java:190)
      	... 53 more
      Caused by: com.google.common.util.concurrent.UncheckedTimeoutException: java.util.concurrent.TimeoutException
      	at com.google.common.util.concurrent.SimpleTimeLimiter.callWithTimeout(SimpleTimeLimiter.java:140)
      	at org.openqa.selenium.net.UrlChecker.waitUntilAvailable(UrlChecker.java:80)
      	... 54 more
      Caused by: java.util.concurrent.TimeoutException
      	at java.util.concurrent.FutureTask.get(Unknown Source)
      	at com.google.common.util.concurrent.SimpleTimeLimiter.callWithTimeout(SimpleTimeLimiter.java:128)
      	... 55 more
      &amp#27;[0m

  Scenario: Validating MPN id  &amp#27;[90m# features/API_Testing/ValidateMPNid.feature:3&amp#27;[0m
    &amp#27;[33mGiven &amp#27;[0m&amp#27;[33mLogin to Application&amp#27;[0m
    &amp#27;[33mWhen &amp#27;[0m&amp#27;[33mEnter MPN id&amp#27;[0m
    &amp#27;[33mThen &amp#27;[0m&amp#27;[33mMPN id is validated&amp#27;[0m
&amp#27;[31mFailure in after hook:&amp#27;[0m&amp#27;[31mHooks.afterHook(Scenario)&amp#27;[0m
&amp#27;[31mMessage: &amp#27;[0m&amp#27;[31mjava.lang.RuntimeException: Unable to create local driver
	at com.scholastic.torque.common.TestBase.initDriver(TestBase.java:163)
	at com.scholastic.torque.common.TestBase.getDriver(TestBase.java:83)
	at com.dw.automation.steps.Hooks.afterHook(Hooks.java:129)
	at sun.reflect.NativeMethodAccessorImpl.invoke0(Native Method)
	at sun.reflect.NativeMethodAccessorImpl.invoke(Unknown Source)
	at sun.reflect.DelegatingMethodAccessorImpl.invoke(Unknown Source)
	at java.lang.reflect.Method.invoke(Unknown Source)
	at cucumber.runtime.Utils$1.call(Utils.java:37)
	at cucumber.runtime.Timeout.timeout(Timeout.java:13)
	at cucumber.runtime.Utils.invoke(Utils.java:31)
	at cucumber.runtime.java.JavaHookDefinition.execute(JavaHookDefinition.java:60)
	at cucumber.runtime.Runtime.runHookIfTagsMatch(Runtime.java:223)
	at cucumber.runtime.Runtime.runHooks(Runtime.java:211)
	at cucumber.runtime.Runtime.runAfterHooks(Runtime.java:205)
	at cucumber.runtime.model.CucumberScenario.run(CucumberScenario.java:46)
	at cucumber.runtime.model.CucumberFeature.run(CucumberFeature.java:165)
	at com.scholastic.torque.testng.TestNGCucumberRunner.runCucumber(TestNGCucumberRunner.java:124)
	at com.scholastic.torque.testng.AbstractTestNGCucumberTests.feature(AbstractTestNGCucumberTests.java:30)
	at sun.reflect.NativeMethodAccessorImpl.invoke0(Native Method)
	at sun.reflect.NativeMethodAccessorImpl.invoke(Unknown Source)
	at sun.reflect.DelegatingMethodAccessorImpl.invoke(Unknown Source)
	at java.lang.reflect.Method.invoke(Unknown Source)
	at org.testng.internal.MethodInvocationHelper.invokeMethod(MethodInvocationHelper.java:85)
	at org.testng.internal.Invoker.invokeMethod(Invoker.java:639)
	at org.testng.internal.Invoker.invokeTestMethod(Invoker.java:816)
	at org.testng.internal.Invoker.invokeTestMethods(Invoker.java:1124)
	at org.testng.internal.TestMethodWorker.invokeTestMethods(TestMethodWorker.java:125)
	at org.testng.internal.TestMethodWorker.run(TestMethodWorker.java:108)
	at org.testng.TestRunner.privateRun(TestRunner.java:774)
	at org.testng.TestRunner.run(TestRunner.java:624)
	at org.testng.SuiteRunner.runTest(SuiteRunner.java:359)
	at org.testng.SuiteRunner.access$000(SuiteRunner.java:39)
	at org.testng.SuiteRunner$SuiteWorker.run(SuiteRunner.java:393)
	at org.testng.internal.thread.ThreadUtil$2.call(ThreadUtil.java:64)
	at java.util.concurrent.FutureTask.run(Unknown Source)
	at java.util.concurrent.ThreadPoolExecutor.runWorker(Unknown Source)
	at java.util.concurrent.ThreadPoolExecutor$Worker.run(Unknown Source)
	at java.lang.Thread.run(Unknown Source)
Caused by: org.openqa.selenium.WebDriverException: Unalbe to create webdriver
	at com.scholastic.torque.common.TestBase$WEBDRIVER.getDriver(TestBase.java:483)
	at com.scholastic.torque.common.TestBase.initDriver(TestBase.java:158)
	... 37 more
Caused by: org.openqa.selenium.WebDriverException: Timed out waiting for driver server to start.
Build info: version: '3.4.0', revision: 'unknown', time: 'unknown'
System info: host: 'RLE0517', ip: '192.168.152.171', os.name: 'Windows 8.1', os.arch: 'amd64', os.version: '6.3', java.version: '1.8.0_144'
Driver info: driver.version: ChromeDriver
	at org.openqa.selenium.remote.service.DriverService.waitUntilAvailable(DriverService.java:193)
	at org.openqa.selenium.remote.service.DriverService.start(DriverService.java:181)
	at org.openqa.selenium.remote.service.DriverCommandExecutor.execute(DriverCommandExecutor.java:78)
	at org.openqa.selenium.remote.RemoteWebDriver.execute(RemoteWebDriver.java:637)
	at org.openqa.selenium.remote.RemoteWebDriver.startSession(RemoteWebDriver.java:250)
	at org.openqa.selenium.remote.RemoteWebDriver.startSession(RemoteWebDriver.java:236)
	at org.openqa.selenium.remote.RemoteWebDriver.<init>(RemoteWebDriver.java:137)
	at org.openqa.selenium.chrome.ChromeDriver.<init>(ChromeDriver.java:184)
	at org.openqa.selenium.chrome.ChromeDriver.<init>(ChromeDriver.java:171)
	at org.openqa.selenium.chrome.ChromeDriver.<init>(ChromeDriver.java:124)
	at sun.reflect.NativeConstructorAccessorImpl.newInstance0(Native Method)
	at sun.reflect.NativeConstructorAccessorImpl.newInstance(Unknown Source)
	at sun.reflect.DelegatingConstructorAccessorImpl.newInstance(Unknown Source)
	at java.lang.reflect.Constructor.newInstance(Unknown Source)
	at java.lang.Class.newInstance(Unknown Source)
	at com.scholastic.torque.common.TestBase$WEBDRIVER.getDriver(TestBase.java:481)
	... 38 more
Caused by: org.openqa.selenium.net.UrlChecker$TimeoutException: Timed out waiting for [http://localhost:37665/status] to be available after 20013 ms
	at org.openqa.selenium.net.UrlChecker.waitUntilAvailable(UrlChecker.java:107)
	at org.openqa.selenium.remote.service.DriverService.waitUntilAvailable(DriverService.java:190)
	... 53 more
Caused by: com.google.common.util.concurrent.UncheckedTimeoutException: java.util.concurrent.TimeoutException
	at com.google.common.util.concurrent.SimpleTimeLimiter.callWithTimeout(SimpleTimeLimiter.java:140)
	at org.openqa.selenium.net.UrlChecker.waitUntilAvailable(UrlChecker.java:80)
	... 54 more
Caused by: java.util.concurrent.TimeoutException
	at java.util.concurrent.FutureTask.get(Unknown Source)
	at com.google.common.util.concurrent.SimpleTimeLimiter.callWithTimeout(SimpleTimeLimiter.java:128)
	... 55 more
&amp#27;[0m
      &amp#27;[31mjava.lang.RuntimeException: Unable to create local driver
      	at com.scholastic.torque.common.TestBase.initDriver(TestBase.java:163)
      	at com.scholastic.torque.common.TestBase.getDriver(TestBase.java:83)
      	at com.dw.automation.steps.Hooks.afterHook(Hooks.java:129)
      	at sun.reflect.NativeMethodAccessorImpl.invoke0(Native Method)
      	at sun.reflect.NativeMethodAccessorImpl.invoke(Unknown Source)
      	at sun.reflect.DelegatingMethodAccessorImpl.invoke(Unknown Source)
      	at java.lang.reflect.Method.invoke(Unknown Source)
      	at cucumber.runtime.Utils$1.call(Utils.java:37)
      	at cucumber.runtime.Timeout.timeout(Timeout.java:13)
      	at cucumber.runtime.Utils.invoke(Utils.java:31)
      	at cucumber.runtime.java.JavaHookDefinition.execute(JavaHookDefinition.java:60)
      	at cucumber.runtime.Runtime.runHookIfTagsMatch(Runtime.java:223)
      	at cucumber.runtime.Runtime.runHooks(Runtime.java:211)
      	at cucumber.runtime.Runtime.runAfterHooks(Runtime.java:205)
      	at cucumber.runtime.model.CucumberScenario.run(CucumberScenario.java:46)
      	at cucumber.runtime.model.CucumberFeature.run(CucumberFeature.java:165)
      	at com.scholastic.torque.testng.TestNGCucumberRunner.runCucumber(TestNGCucumberRunner.java:124)
      	at com.scholastic.torque.testng.AbstractTestNGCucumberTests.feature(AbstractTestNGCucumberTests.java:30)
      	at sun.reflect.NativeMethodAccessorImpl.invoke0(Native Method)
      	at sun.reflect.NativeMethodAccessorImpl.invoke(Unknown Source)
      	at sun.reflect.DelegatingMethodAccessorImpl.invoke(Unknown Source)
      	at java.lang.reflect.Method.invoke(Unknown Source)
      	at org.testng.internal.MethodInvocationHelper.invokeMethod(MethodInvocationHelper.java:85)
      	at org.testng.internal.Invoker.invokeMethod(Invoker.java:639)
      	at org.testng.internal.Invoker.invokeTestMethod(Invoker.java:816)
      	at org.testng.internal.Invoker.invokeTestMethods(Invoker.java:1124)
      	at org.testng.internal.TestMethodWorker.invokeTestMethods(TestMethodWorker.java:125)
      	at org.testng.internal.TestMethodWorker.run(TestMethodWorker.java:108)
      	at org.testng.TestRunner.privateRun(TestRunner.java:774)
      	at org.testng.TestRunner.run(TestRunner.java:624)
      	at org.testng.SuiteRunner.runTest(SuiteRunner.java:359)
      	at org.testng.SuiteRunner.access$000(SuiteRunner.java:39)
      	at org.testng.SuiteRunner$SuiteWorker.run(SuiteRunner.java:393)
      	at org.testng.internal.thread.ThreadUtil$2.call(ThreadUtil.java:64)
      	at java.util.concurrent.FutureTask.run(Unknown Source)
      	at java.util.concurrent.ThreadPoolExecutor.runWorker(Unknown Source)
      	at java.util.concurrent.ThreadPoolExecutor$Worker.run(Unknown Source)
      	at java.lang.Thread.run(Unknown Source)
      Caused by: org.openqa.selenium.WebDriverException: Unalbe to create webdriver
      	at com.scholastic.torque.common.TestBase$WEBDRIVER.getDriver(TestBase.java:483)
      	at com.scholastic.torque.common.TestBase.initDriver(TestBase.java:158)
      	... 37 more
      Caused by: org.openqa.selenium.WebDriverException: Timed out waiting for driver server to start.
      Build info: version: '3.4.0', revision: 'unknown', time: 'unknown'
      System info: host: 'RLE0517', ip: '192.168.152.171', os.name: 'Windows 8.1', os.arch: 'amd64', os.version: '6.3', java.version: '1.8.0_144'
      Driver info: driver.version: ChromeDriver
      	at org.openqa.selenium.remote.service.DriverService.waitUntilAvailable(DriverService.java:193)
      	at org.openqa.selenium.remote.service.DriverService.start(DriverService.java:181)
      	at org.openqa.selenium.remote.service.DriverCommandExecutor.execute(DriverCommandExecutor.java:78)
      	at org.openqa.selenium.remote.RemoteWebDriver.execute(RemoteWebDriver.java:637)
      	at org.openqa.selenium.remote.RemoteWebDriver.startSession(RemoteWebDriver.java:250)
      	at org.openqa.selenium.remote.RemoteWebDriver.startSession(RemoteWebDriver.java:236)
      	at org.openqa.selenium.remote.RemoteWebDriver.<init>(RemoteWebDriver.java:137)
      	at org.openqa.selenium.chrome.ChromeDriver.<init>(ChromeDriver.java:184)
      	at org.openqa.selenium.chrome.ChromeDriver.<init>(ChromeDriver.java:171)
      	at org.openqa.selenium.chrome.ChromeDriver.<init>(ChromeDriver.java:124)
      	at sun.reflect.NativeConstructorAccessorImpl.newInstance0(Native Method)
      	at sun.reflect.NativeConstructorAccessorImpl.newInstance(Unknown Source)
      	at sun.reflect.DelegatingConstructorAccessorImpl.newInstance(Unknown Source)
      	at java.lang.reflect.Constructor.newInstance(Unknown Source)
      	at java.lang.Class.newInstance(Unknown Source)
      	at com.scholastic.torque.common.TestBase$WEBDRIVER.getDriver(TestBase.java:481)
      	... 38 more
      Caused by: org.openqa.selenium.net.UrlChecker$TimeoutException: Timed out waiting for [http://localhost:37665/status] to be available after 20013 ms
      	at org.openqa.selenium.net.UrlChecker.waitUntilAvailable(UrlChecker.java:107)
      	at org.openqa.selenium.remote.service.DriverService.waitUntilAvailable(DriverService.java:190)
      	... 53 more
      Caused by: com.google.common.util.concurrent.UncheckedTimeoutException: java.util.concurrent.TimeoutException
      	at com.google.common.util.concurrent.SimpleTimeLimiter.callWithTimeout(SimpleTimeLimiter.java:140)
      	at org.openqa.selenium.net.UrlChecker.waitUntilAvailable(UrlChecker.java:80)
      	... 54 more
      Caused by: java.util.concurrent.TimeoutException
      	at java.util.concurrent.FutureTask.get(Unknown Source)
      	at com.google.common.util.concurrent.SimpleTimeLimiter.callWithTimeout(SimpleTimeLimiter.java:128)
      	... 55 more
      &amp#27;[0m

  Scenario: Add New Partner Organisation       &amp#27;[90m# features/API_Testing/ValidateMPNid.feature:8&amp#27;[0m
    &amp#27;[33mGiven &amp#27;[0m&amp#27;[33mLogin to Application&amp#27;[0m
    &amp#27;[33mWhen &amp#27;[0m&amp#27;[33mProvide mandatory orgnisation details&amp#27;[0m
    &amp#27;[33mThen &amp#27;[0m&amp#27;[33mValidate orgnisation&amp#27;[0m
]]></system-out>
    <system-err><![CDATA[log4j:WARN No appenders could be found for logger (org.apache.commons.configuration.PropertiesConfiguration).
log4j:WARN Please initialize the log4j system properly.
log4j:WARN See http://logging.apache.org/log4j/1.2/faq.html#noconfig for more info.
Nov 27, 2017 8:20:42 PM org.openqa.selenium.os.UnixProcess checkForError
SEVERE: org.apache.commons.exec.ExecuteException: Execution failed (Exit value: -559038737. Caused by java.io.IOException: Cannot run program "F:\auto\GenesisUIAutomation\servers\chromedriver" (in directory "."): CreateProcess error=193, %1 is not a valid Win32 application)
desired capabilities will be ignored.
Nov 27, 2017 8:21:02 PM org.openqa.selenium.os.UnixProcess checkForError
SEVERE: org.apache.commons.exec.ExecuteException: Execution failed (Exit value: -559038737. Caused by java.io.IOException: Cannot run program "F:\auto\GenesisUIAutomation\servers\chromedriver" (in directory "."): CreateProcess error=193, %1 is not a valid Win32 application)
Nov 27, 2017 8:21:22 PM org.openqa.selenium.os.UnixProcess checkForError
SEVERE: org.apache.commons.exec.ExecuteException: Execution failed (Exit value: -559038737. Caused by java.io.IOException: Cannot run program "F:\auto\GenesisUIAutomation\servers\chromedriver" (in directory "."): CreateProcess error=193, %1 is not a valid Win32 application)
desired capabilities will be ignored.
Nov 27, 2017 8:21:42 PM org.openqa.selenium.os.UnixProcess checkForError
SEVERE: org.apache.commons.exec.ExecuteException: Execution failed (Exit value: -559038737. Caused by java.io.IOException: Cannot run program "F:\auto\GenesisUIAutomation\servers\chromedriver" (in directory "."): CreateProcess error=193, %1 is not a valid Win32 application)
]]></system-err>
  </testcase>
</testsuite>