<?xml version="1.0" encoding="UTF-8"?><testsuite failures="1" name="cucumber.runtime.formatter.JUnitFormatter" skipped="0" tests="1" time="161.003294">
<testcase classname="Customer creation by PM and Rejection by BAM" name="Customer creation by PM and Rejection by BAM :[OrderApproval]" time="161.003294">
<failure message="org.openqa.selenium.TimeoutException: Expected condition failed: waiting for DefaultElementLocator 'By.xpath: //span[@title='Reject']' to be present (tried for 20 second(s) with 1 SECONDS interval)&#10;Build info: version: '3.4.0', revision: 'unknown', time: 'unknown'&#10;System info: host: 'jagadeesh-ThinkPad-L450', ip: '127.0.1.1', os.name: 'Linux', os.arch: 'amd64', os.version: '3.19.0-65-generic', java.version: '1.8.0_101'&#10;Driver info: driver.version: unknown&#10;&#9;at org.openqa.selenium.support.ui.FluentWait.timeoutException(FluentWait.java:264)&#10;&#9;at org.openqa.selenium.support.ui.FluentWait.until(FluentWait.java:232)&#10;&#9;at com.scholastic.torque.common.WaitUtils.waitForPresent(WaitUtils.java:33)&#10;&#9;at com.scholastic.torque.webdriver.ExtendedElementHandler.invoke(ExtendedElementHandler.java:46)&#10;&#9;at com.sun.proxy.$Proxy19.getAttribute(Unknown Source)&#10;&#9;at com.dw.automation.pages.impl.CustomerCreateAndApproveImpl.bamApproveCustomer(CustomerCreateAndApproveImpl.java:452)&#10;&#9;at com.dw.automation.steps.redington.CustomerCreateAndApprove.i_reject_the_customer(CustomerCreateAndApprove.java:44)&#10;&#9;at ✽.And I reject the customer(features/Redington/CustomerCreateAndReject.feature:23)&#10;"><![CDATA[Given I launch the application as a Partner Manager[UserInformation]........passed
When I go to Customer Page..................................................passed
Then I create an Customer...................................................passed
Then I logout from the application..........................................passed
Then I launch the application as a BAM......................................passed
And I reject the customer...................................................failed
Then I logout from the application..........................................skipped
Given I launch the application as a Partner Manager.........................skipped
When I go to Customer Page..................................................skipped
And I verify that the customer is rejected..................................skipped
Then I logout from the application..........................................skipped

StackTrace:
org.openqa.selenium.TimeoutException: Expected condition failed: waiting for DefaultElementLocator 'By.xpath: //span[@title='Reject']' to be present (tried for 20 second(s) with 1 SECONDS interval)
Build info: version: '3.4.0', revision: 'unknown', time: 'unknown'
System info: host: 'jagadeesh-ThinkPad-L450', ip: '127.0.1.1', os.name: 'Linux', os.arch: 'amd64', os.version: '3.19.0-65-generic', java.version: '1.8.0_101'
Driver info: driver.version: unknown
	at org.openqa.selenium.support.ui.FluentWait.timeoutException(FluentWait.java:264)
	at org.openqa.selenium.support.ui.FluentWait.until(FluentWait.java:232)
	at com.scholastic.torque.common.WaitUtils.waitForPresent(WaitUtils.java:33)
	at com.scholastic.torque.webdriver.ExtendedElementHandler.invoke(ExtendedElementHandler.java:46)
	at com.sun.proxy.$Proxy19.getAttribute(Unknown Source)
	at com.dw.automation.pages.impl.CustomerCreateAndApproveImpl.bamApproveCustomer(CustomerCreateAndApproveImpl.java:452)
	at com.dw.automation.steps.redington.CustomerCreateAndApprove.i_reject_the_customer(CustomerCreateAndApprove.java:44)
	at ✽.And I reject the customer(features/Redington/CustomerCreateAndReject.feature:23)
]]></failure>
</testcase>
</testsuite>
