<?xml version="1.0" encoding="UTF-8"?>
<testng-results skipped="0" failed="3" total="19" passed="16">
  <reporter-output>
  </reporter-output>
  <suite name="Automation" duration-ms="60399" started-at="2017-12-13T13:10:19Z" finished-at="2017-12-13T13:11:20Z">
    <groups>
    </groups>
    <test name="Add New Partner Organisation" duration-ms="33022" started-at="2017-12-13T13:10:19Z" finished-at="2017-12-13T13:10:52Z">
      <class name="com.dw.api.automation.steps.AddNewPartnerOrganisationTest">
        <test-method status="PASS" signature="initateExtentManager()[pri:0, instance:com.dw.api.automation.steps.AddNewPartnerOrganisationTest@9597028]" name="initateExtentManager" is-config="true" duration-ms="336" started-at="2017-12-13T18:40:19Z" finished-at="2017-12-13T18:40:20Z">
          <reporter-output>
          </reporter-output>
        </test-method> <!-- initateExtentManager -->
        <test-method status="PASS" signature="login_to_application()[pri:1, instance:com.dw.api.automation.steps.AddNewPartnerOrganisationTest@9597028]" name="login_to_application" duration-ms="5720" started-at="2017-12-13T18:40:20Z" finished-at="2017-12-13T18:40:25Z">
          <reporter-output>
          </reporter-output>
        </test-method> <!-- login_to_application -->
        <test-method status="PASS" signature="afterMethod(org.testng.ITestResult)[pri:0, instance:com.dw.api.automation.steps.AddNewPartnerOrganisationTest@9597028]" name="afterMethod" is-config="true" duration-ms="0" started-at="2017-12-13T18:40:25Z" finished-at="2017-12-13T18:40:25Z">
          <params>
            <param index="0">
              <value>
                <![CDATA[[TestResult name=login_to_application status=SUCCESS method=AddNewPartnerOrganisationTest.login_to_application()[pri:1, instance:com.dw.api.automation.steps.AddNewPartnerOrganisationTest@9597028] output={null}]]]>
              </value>
            </param>
          </params>
          <reporter-output>
          </reporter-output>
        </test-method> <!-- afterMethod -->
        <test-method status="PASS" signature="enter_mpn_id()[pri:2, instance:com.dw.api.automation.steps.AddNewPartnerOrganisationTest@9597028]" name="enter_mpn_id" duration-ms="9616" started-at="2017-12-13T18:40:25Z" finished-at="2017-12-13T18:40:35Z">
          <reporter-output>
          </reporter-output>
        </test-method> <!-- enter_mpn_id -->
        <test-method status="PASS" signature="addNewPartnerOrganisation()[pri:3, instance:com.dw.api.automation.steps.AddNewPartnerOrganisationTest@9597028]" name="addNewPartnerOrganisation" duration-ms="8080" started-at="2017-12-13T18:40:35Z" finished-at="2017-12-13T18:40:43Z">
          <reporter-output>
          </reporter-output>
        </test-method> <!-- addNewPartnerOrganisation -->
        <test-method status="PASS" signature="afterMethod(org.testng.ITestResult)[pri:0, instance:com.dw.api.automation.steps.AddNewPartnerOrganisationTest@9597028]" name="afterMethod" is-config="true" duration-ms="0" started-at="2017-12-13T18:40:35Z" finished-at="2017-12-13T18:40:35Z">
          <params>
            <param index="0">
              <value>
                <![CDATA[[TestResult name=enter_mpn_id status=SUCCESS method=AddNewPartnerOrganisationTest.enter_mpn_id()[pri:2, instance:com.dw.api.automation.steps.AddNewPartnerOrganisationTest@9597028] output={null}]]]>
              </value>
            </param>
          </params>
          <reporter-output>
          </reporter-output>
        </test-method> <!-- afterMethod -->
        <test-method status="PASS" signature="afterMethod(org.testng.ITestResult)[pri:0, instance:com.dw.api.automation.steps.AddNewPartnerOrganisationTest@9597028]" name="afterMethod" is-config="true" duration-ms="0" started-at="2017-12-13T18:40:43Z" finished-at="2017-12-13T18:40:43Z">
          <params>
            <param index="0">
              <value>
                <![CDATA[[TestResult name=addNewPartnerOrganisation status=SUCCESS method=AddNewPartnerOrganisationTest.addNewPartnerOrganisation()[pri:3, instance:com.dw.api.automation.steps.AddNewPartnerOrganisationTest@9597028] output={null}]]]>
              </value>
            </param>
          </params>
          <reporter-output>
          </reporter-output>
        </test-method> <!-- afterMethod -->
        <test-method status="PASS" signature="orgApproveByBaM()[pri:4, instance:com.dw.api.automation.steps.AddNewPartnerOrganisationTest@9597028]" name="orgApproveByBaM" duration-ms="3529" started-at="2017-12-13T18:40:43Z" finished-at="2017-12-13T18:40:47Z">
          <reporter-output>
          </reporter-output>
        </test-method> <!-- orgApproveByBaM -->
        <test-method status="PASS" signature="afterMethod(org.testng.ITestResult)[pri:0, instance:com.dw.api.automation.steps.AddNewPartnerOrganisationTest@9597028]" name="afterMethod" is-config="true" duration-ms="0" started-at="2017-12-13T18:40:47Z" finished-at="2017-12-13T18:40:47Z">
          <params>
            <param index="0">
              <value>
                <![CDATA[[TestResult name=orgApproveByBaM status=SUCCESS method=AddNewPartnerOrganisationTest.orgApproveByBaM()[pri:4, instance:com.dw.api.automation.steps.AddNewPartnerOrganisationTest@9597028] output={null}]]]>
              </value>
            </param>
          </params>
          <reporter-output>
          </reporter-output>
        </test-method> <!-- afterMethod -->
        <test-method status="PASS" signature="orgBamSearch()[pri:5, instance:com.dw.api.automation.steps.AddNewPartnerOrganisationTest@9597028]" name="orgBamSearch" duration-ms="1281" started-at="2017-12-13T18:40:47Z" finished-at="2017-12-13T18:40:48Z">
          <reporter-output>
          </reporter-output>
        </test-method> <!-- orgBamSearch -->
        <test-method status="PASS" signature="afterMethod(org.testng.ITestResult)[pri:0, instance:com.dw.api.automation.steps.AddNewPartnerOrganisationTest@9597028]" name="afterMethod" is-config="true" duration-ms="0" started-at="2017-12-13T18:40:48Z" finished-at="2017-12-13T18:40:48Z">
          <params>
            <param index="0">
              <value>
                <![CDATA[[TestResult name=orgBamSearch status=SUCCESS method=AddNewPartnerOrganisationTest.orgBamSearch()[pri:5, instance:com.dw.api.automation.steps.AddNewPartnerOrganisationTest@9597028] output={null}]]]>
              </value>
            </param>
          </params>
          <reporter-output>
          </reporter-output>
        </test-method> <!-- afterMethod -->
        <test-method status="PASS" signature="loginToCAuser()[pri:6, instance:com.dw.api.automation.steps.AddNewPartnerOrganisationTest@9597028]" name="loginToCAuser" duration-ms="3650" started-at="2017-12-13T18:40:48Z" finished-at="2017-12-13T18:40:51Z">
          <reporter-output>
          </reporter-output>
        </test-method> <!-- loginToCAuser -->
        <test-method status="PASS" signature="afterMethod(org.testng.ITestResult)[pri:0, instance:com.dw.api.automation.steps.AddNewPartnerOrganisationTest@9597028]" name="afterMethod" is-config="true" duration-ms="0" started-at="2017-12-13T18:40:51Z" finished-at="2017-12-13T18:40:51Z">
          <params>
            <param index="0">
              <value>
                <![CDATA[[TestResult name=loginToCAuser status=SUCCESS method=AddNewPartnerOrganisationTest.loginToCAuser()[pri:6, instance:com.dw.api.automation.steps.AddNewPartnerOrganisationTest@9597028] output={null}]]]>
              </value>
            </param>
          </params>
          <reporter-output>
          </reporter-output>
        </test-method> <!-- afterMethod -->
        <test-method status="PASS" signature="orgApprovalByCA()[pri:7, instance:com.dw.api.automation.steps.AddNewPartnerOrganisationTest@9597028]" name="orgApprovalByCA" duration-ms="438" started-at="2017-12-13T18:40:51Z" finished-at="2017-12-13T18:40:52Z">
          <reporter-output>
          </reporter-output>
        </test-method> <!-- orgApprovalByCA -->
        <test-method status="PASS" signature="afterMethod(org.testng.ITestResult)[pri:0, instance:com.dw.api.automation.steps.AddNewPartnerOrganisationTest@9597028]" name="afterMethod" is-config="true" duration-ms="0" started-at="2017-12-13T18:40:52Z" finished-at="2017-12-13T18:40:52Z">
          <params>
            <param index="0">
              <value>
                <![CDATA[[TestResult name=orgApprovalByCA status=SUCCESS method=AddNewPartnerOrganisationTest.orgApprovalByCA()[pri:7, instance:com.dw.api.automation.steps.AddNewPartnerOrganisationTest@9597028] output={null}]]]>
              </value>
            </param>
          </params>
          <reporter-output>
          </reporter-output>
        </test-method> <!-- afterMethod -->
        <test-method status="PASS" signature="tear()[pri:0, instance:com.dw.api.automation.steps.AddNewPartnerOrganisationTest@9597028]" name="tear" is-config="true" duration-ms="339" started-at="2017-12-13T18:40:52Z" finished-at="2017-12-13T18:40:52Z">
          <reporter-output>
          </reporter-output>
        </test-method> <!-- tear -->
      </class> <!-- com.dw.api.automation.steps.AddNewPartnerOrganisationTest -->
    </test> <!-- Add New Partner Organisation -->
    <test name="Use Case 2:Customer on boarding" duration-ms="16817" started-at="2017-12-13T13:10:52Z" finished-at="2017-12-13T13:11:09Z">
      <class name="com.dw.api.automation.steps.CustomerTest">
        <test-method status="PASS" signature="initateExtentManager()[pri:0, instance:com.dw.api.automation.steps.CustomerTest@6302bbb1]" name="initateExtentManager" is-config="true" duration-ms="0" started-at="2017-12-13T18:40:52Z" finished-at="2017-12-13T18:40:52Z">
          <reporter-output>
          </reporter-output>
        </test-method> <!-- initateExtentManager -->
        <test-method status="PASS" signature="login_to_application()[pri:1, instance:com.dw.api.automation.steps.CustomerTest@6302bbb1]" name="login_to_application" duration-ms="3985" started-at="2017-12-13T18:40:52Z" finished-at="2017-12-13T18:40:56Z">
          <reporter-output>
          </reporter-output>
        </test-method> <!-- login_to_application -->
        <test-method status="PASS" signature="afterMethod(org.testng.ITestResult)[pri:0, instance:com.dw.api.automation.steps.CustomerTest@6302bbb1]" name="afterMethod" is-config="true" duration-ms="0" started-at="2017-12-13T18:40:56Z" finished-at="2017-12-13T18:40:56Z">
          <params>
            <param index="0">
              <value>
                <![CDATA[[TestResult name=login_to_application status=SUCCESS method=CustomerTest.login_to_application()[pri:1, instance:com.dw.api.automation.steps.CustomerTest@6302bbb1] output={null}]]]>
              </value>
            </param>
          </params>
          <reporter-output>
          </reporter-output>
        </test-method> <!-- afterMethod -->
        <test-method status="PASS" signature="getPartnerEntityid()[pri:2, instance:com.dw.api.automation.steps.CustomerTest@6302bbb1]" name="getPartnerEntityid" duration-ms="578" started-at="2017-12-13T18:40:56Z" finished-at="2017-12-13T18:40:57Z">
          <reporter-output>
          </reporter-output>
        </test-method> <!-- getPartnerEntityid -->
        <test-method status="PASS" signature="afterMethod(org.testng.ITestResult)[pri:0, instance:com.dw.api.automation.steps.CustomerTest@6302bbb1]" name="afterMethod" is-config="true" duration-ms="0" started-at="2017-12-13T18:40:57Z" finished-at="2017-12-13T18:40:57Z">
          <params>
            <param index="0">
              <value>
                <![CDATA[[TestResult name=getPartnerEntityid status=SUCCESS method=CustomerTest.getPartnerEntityid()[pri:2, instance:com.dw.api.automation.steps.CustomerTest@6302bbb1] output={null}]]]>
              </value>
            </param>
          </params>
          <reporter-output>
          </reporter-output>
        </test-method> <!-- afterMethod -->
        <test-method status="PASS" signature="createNewCustomer()[pri:3, instance:com.dw.api.automation.steps.CustomerTest@6302bbb1]" name="createNewCustomer" duration-ms="10126" started-at="2017-12-13T18:40:57Z" finished-at="2017-12-13T18:41:07Z">
          <reporter-output>
          </reporter-output>
        </test-method> <!-- createNewCustomer -->
        <test-method status="PASS" signature="afterMethod(org.testng.ITestResult)[pri:0, instance:com.dw.api.automation.steps.CustomerTest@6302bbb1]" name="afterMethod" is-config="true" duration-ms="0" started-at="2017-12-13T18:41:07Z" finished-at="2017-12-13T18:41:07Z">
          <params>
            <param index="0">
              <value>
                <![CDATA[[TestResult name=createNewCustomer status=SUCCESS method=CustomerTest.createNewCustomer()[pri:3, instance:com.dw.api.automation.steps.CustomerTest@6302bbb1] output={null}]]]>
              </value>
            </param>
          </params>
          <reporter-output>
          </reporter-output>
        </test-method> <!-- afterMethod -->
        <test-method status="PASS" signature="loginByBaM()[pri:4, instance:com.dw.api.automation.steps.CustomerTest@6302bbb1]" name="loginByBaM" duration-ms="813" started-at="2017-12-13T18:41:07Z" finished-at="2017-12-13T18:41:08Z">
          <reporter-output>
          </reporter-output>
        </test-method> <!-- loginByBaM -->
        <test-method status="FAIL" signature="getCustomerId()[pri:5, instance:com.dw.api.automation.steps.CustomerTest@6302bbb1]" name="getCustomerId" duration-ms="815" started-at="2017-12-13T18:41:08Z" finished-at="2017-12-13T18:41:09Z">
          <exception class="org.json.JSONException">
            <message>
              <![CDATA[A JSONObject text must begin with '{' at 1 [character 2 line 1]]]>
            </message>
            <full-stacktrace>
              <![CDATA[org.json.JSONException: A JSONObject text must begin with '{' at 1 [character 2 line 1]
	at org.json.JSONTokener.syntaxError(JSONTokener.java:451)
	at org.json.JSONObject.<init>(JSONObject.java:195)
	at org.json.JSONObject.<init>(JSONObject.java:319)
	at com.dw.api.automation.steps.CustomerTest.getCustomerId(CustomerTest.java:185)
	at sun.reflect.NativeMethodAccessorImpl.invoke0(Native Method)
	at sun.reflect.NativeMethodAccessorImpl.invoke(Unknown Source)
	at sun.reflect.DelegatingMethodAccessorImpl.invoke(Unknown Source)
	at java.lang.reflect.Method.invoke(Unknown Source)
	at org.testng.internal.MethodInvocationHelper.invokeMethod(MethodInvocationHelper.java:85)
	at org.testng.internal.Invoker.invokeMethod(Invoker.java:639)
	at org.testng.internal.Invoker.invokeTestMethod(Invoker.java:816)
	at org.testng.internal.Invoker.invokeTestMethods(Invoker.java:1124)
	at org.testng.internal.TestMethodWorker.invokeTestMethods(TestMethodWorker.java:125)
	at org.testng.internal.TestMethodWorker.run(TestMethodWorker.java:108)
	at org.testng.TestRunner.privateRun(TestRunner.java:774)
	at org.testng.TestRunner.run(TestRunner.java:624)
	at org.testng.SuiteRunner.runTest(SuiteRunner.java:359)
	at org.testng.SuiteRunner.runSequentially(SuiteRunner.java:354)
	at org.testng.SuiteRunner.privateRun(SuiteRunner.java:312)
	at org.testng.SuiteRunner.run(SuiteRunner.java:261)
	at org.testng.SuiteRunnerWorker.runSuite(SuiteRunnerWorker.java:52)
	at org.testng.SuiteRunnerWorker.run(SuiteRunnerWorker.java:86)
	at org.testng.TestNG.runSuitesSequentially(TestNG.java:1215)
	at org.testng.TestNG.runSuitesLocally(TestNG.java:1140)
	at org.testng.TestNG.run(TestNG.java:1048)
	at org.testng.remote.AbstractRemoteTestNG.run(AbstractRemoteTestNG.java:114)
	at org.testng.remote.RemoteTestNG.initAndRun(RemoteTestNG.java:251)
	at org.testng.remote.RemoteTestNG.main(RemoteTestNG.java:77)
]]>
            </full-stacktrace>
          </exception> <!-- org.json.JSONException -->
          <reporter-output>
          </reporter-output>
        </test-method> <!-- getCustomerId -->
        <test-method status="PASS" signature="afterMethod(org.testng.ITestResult)[pri:0, instance:com.dw.api.automation.steps.CustomerTest@6302bbb1]" name="afterMethod" is-config="true" duration-ms="0" started-at="2017-12-13T18:41:08Z" finished-at="2017-12-13T18:41:08Z">
          <params>
            <param index="0">
              <value>
                <![CDATA[[TestResult name=loginByBaM status=SUCCESS method=CustomerTest.loginByBaM()[pri:4, instance:com.dw.api.automation.steps.CustomerTest@6302bbb1] output={null}]]]>
              </value>
            </param>
          </params>
          <reporter-output>
          </reporter-output>
        </test-method> <!-- afterMethod -->
        <test-method status="PASS" signature="afterMethod(org.testng.ITestResult)[pri:0, instance:com.dw.api.automation.steps.CustomerTest@6302bbb1]" name="afterMethod" is-config="true" duration-ms="0" started-at="2017-12-13T18:41:09Z" finished-at="2017-12-13T18:41:09Z">
          <params>
            <param index="0">
              <value>
                <![CDATA[[TestResult name=getCustomerId status=FAILURE method=CustomerTest.getCustomerId()[pri:5, instance:com.dw.api.automation.steps.CustomerTest@6302bbb1] output={null}]]]>
              </value>
            </param>
          </params>
          <reporter-output>
          </reporter-output>
        </test-method> <!-- afterMethod -->
        <test-method status="PASS" signature="approveCustomerFromBam()[pri:6, instance:com.dw.api.automation.steps.CustomerTest@6302bbb1]" name="approveCustomerFromBam" duration-ms="375" started-at="2017-12-13T18:41:09Z" finished-at="2017-12-13T18:41:09Z">
          <reporter-output>
          </reporter-output>
        </test-method> <!-- approveCustomerFromBam -->
        <test-method status="PASS" signature="afterMethod(org.testng.ITestResult)[pri:0, instance:com.dw.api.automation.steps.CustomerTest@6302bbb1]" name="afterMethod" is-config="true" duration-ms="0" started-at="2017-12-13T18:41:09Z" finished-at="2017-12-13T18:41:09Z">
          <params>
            <param index="0">
              <value>
                <![CDATA[[TestResult name=approveCustomerFromBam status=SUCCESS method=CustomerTest.approveCustomerFromBam()[pri:6, instance:com.dw.api.automation.steps.CustomerTest@6302bbb1] output={null}]]]>
              </value>
            </param>
          </params>
          <reporter-output>
          </reporter-output>
        </test-method> <!-- afterMethod -->
        <test-method status="PASS" signature="tear()[pri:0, instance:com.dw.api.automation.steps.CustomerTest@6302bbb1]" name="tear" is-config="true" duration-ms="78" started-at="2017-12-13T18:41:09Z" finished-at="2017-12-13T18:41:09Z">
          <reporter-output>
          </reporter-output>
        </test-method> <!-- tear -->
      </class> <!-- com.dw.api.automation.steps.CustomerTest -->
    </test> <!-- Use Case 2:Customer on boarding -->
    <test name="Use Case 3:Customer Market place" duration-ms="10560" started-at="2017-12-13T13:11:09Z" finished-at="2017-12-13T13:11:20Z">
      <class name="com.dw.api.automation.steps.MarketPlaceTest">
        <test-method status="PASS" signature="initateExtentManager()[pri:0, instance:com.dw.api.automation.steps.MarketPlaceTest@7cc0cdad]" name="initateExtentManager" is-config="true" duration-ms="0" started-at="2017-12-13T18:41:09Z" finished-at="2017-12-13T18:41:09Z">
          <reporter-output>
          </reporter-output>
        </test-method> <!-- initateExtentManager -->
        <test-method status="PASS" signature="login_to_application()[pri:1, instance:com.dw.api.automation.steps.MarketPlaceTest@7cc0cdad]" name="login_to_application" duration-ms="3890" started-at="2017-12-13T18:41:09Z" finished-at="2017-12-13T18:41:13Z">
          <reporter-output>
          </reporter-output>
        </test-method> <!-- login_to_application -->
        <test-method status="PASS" signature="afterMethod(org.testng.ITestResult)[pri:0, instance:com.dw.api.automation.steps.MarketPlaceTest@7cc0cdad]" name="afterMethod" is-config="true" duration-ms="0" started-at="2017-12-13T18:41:13Z" finished-at="2017-12-13T18:41:13Z">
          <params>
            <param index="0">
              <value>
                <![CDATA[[TestResult name=login_to_application status=SUCCESS method=MarketPlaceTest.login_to_application()[pri:1, instance:com.dw.api.automation.steps.MarketPlaceTest@7cc0cdad] output={null}]]]>
              </value>
            </param>
          </params>
          <reporter-output>
          </reporter-output>
        </test-method> <!-- afterMethod -->
        <test-method status="PASS" signature="searchBaseProduct()[pri:2, instance:com.dw.api.automation.steps.MarketPlaceTest@7cc0cdad]" name="searchBaseProduct" duration-ms="563" started-at="2017-12-13T18:41:13Z" finished-at="2017-12-13T18:41:14Z">
          <reporter-output>
          </reporter-output>
        </test-method> <!-- searchBaseProduct -->
        <test-method status="PASS" signature="afterMethod(org.testng.ITestResult)[pri:0, instance:com.dw.api.automation.steps.MarketPlaceTest@7cc0cdad]" name="afterMethod" is-config="true" duration-ms="0" started-at="2017-12-13T18:41:14Z" finished-at="2017-12-13T18:41:14Z">
          <params>
            <param index="0">
              <value>
                <![CDATA[[TestResult name=searchBaseProduct status=SUCCESS method=MarketPlaceTest.searchBaseProduct()[pri:2, instance:com.dw.api.automation.steps.MarketPlaceTest@7cc0cdad] output={null}]]]>
              </value>
            </param>
          </params>
          <reporter-output>
          </reporter-output>
        </test-method> <!-- afterMethod -->
        <test-method status="PASS" signature="addBaseProductWithFourLicenses()[pri:3, instance:com.dw.api.automation.steps.MarketPlaceTest@7cc0cdad]" name="addBaseProductWithFourLicenses" duration-ms="3257" started-at="2017-12-13T18:41:14Z" finished-at="2017-12-13T18:41:17Z">
          <reporter-output>
          </reporter-output>
        </test-method> <!-- addBaseProductWithFourLicenses -->
        <test-method status="PASS" signature="afterMethod(org.testng.ITestResult)[pri:0, instance:com.dw.api.automation.steps.MarketPlaceTest@7cc0cdad]" name="afterMethod" is-config="true" duration-ms="15" started-at="2017-12-13T18:41:17Z" finished-at="2017-12-13T18:41:17Z">
          <params>
            <param index="0">
              <value>
                <![CDATA[[TestResult name=addBaseProductWithFourLicenses status=SUCCESS method=MarketPlaceTest.addBaseProductWithFourLicenses()[pri:3, instance:com.dw.api.automation.steps.MarketPlaceTest@7cc0cdad] output={null}]]]>
              </value>
            </param>
          </params>
          <reporter-output>
          </reporter-output>
        </test-method> <!-- afterMethod -->
        <test-method status="PASS" signature="addAddOnwithOneLicenses()[pri:4, instance:com.dw.api.automation.steps.MarketPlaceTest@7cc0cdad]" name="addAddOnwithOneLicenses" duration-ms="1801" started-at="2017-12-13T18:41:17Z" finished-at="2017-12-13T18:41:19Z">
          <reporter-output>
          </reporter-output>
        </test-method> <!-- addAddOnwithOneLicenses -->
        <test-method status="FAIL" signature="placeOrder()[pri:6, instance:com.dw.api.automation.steps.MarketPlaceTest@7cc0cdad]" name="placeOrder" duration-ms="433" started-at="2017-12-13T18:41:19Z" finished-at="2017-12-13T18:41:19Z">
          <exception class="java.lang.NullPointerException">
            <full-stacktrace>
              <![CDATA[java.lang.NullPointerException
	at com.dw.api.automation.steps.MarketPlaceTest.placeOrder(MarketPlaceTest.java:186)
	at sun.reflect.NativeMethodAccessorImpl.invoke0(Native Method)
	at sun.reflect.NativeMethodAccessorImpl.invoke(Unknown Source)
	at sun.reflect.DelegatingMethodAccessorImpl.invoke(Unknown Source)
	at java.lang.reflect.Method.invoke(Unknown Source)
	at org.testng.internal.MethodInvocationHelper.invokeMethod(MethodInvocationHelper.java:85)
	at org.testng.internal.Invoker.invokeMethod(Invoker.java:639)
	at org.testng.internal.Invoker.invokeTestMethod(Invoker.java:816)
	at org.testng.internal.Invoker.invokeTestMethods(Invoker.java:1124)
	at org.testng.internal.TestMethodWorker.invokeTestMethods(TestMethodWorker.java:125)
	at org.testng.internal.TestMethodWorker.run(TestMethodWorker.java:108)
	at org.testng.TestRunner.privateRun(TestRunner.java:774)
	at org.testng.TestRunner.run(TestRunner.java:624)
	at org.testng.SuiteRunner.runTest(SuiteRunner.java:359)
	at org.testng.SuiteRunner.runSequentially(SuiteRunner.java:354)
	at org.testng.SuiteRunner.privateRun(SuiteRunner.java:312)
	at org.testng.SuiteRunner.run(SuiteRunner.java:261)
	at org.testng.SuiteRunnerWorker.runSuite(SuiteRunnerWorker.java:52)
	at org.testng.SuiteRunnerWorker.run(SuiteRunnerWorker.java:86)
	at org.testng.TestNG.runSuitesSequentially(TestNG.java:1215)
	at org.testng.TestNG.runSuitesLocally(TestNG.java:1140)
	at org.testng.TestNG.run(TestNG.java:1048)
	at org.testng.remote.AbstractRemoteTestNG.run(AbstractRemoteTestNG.java:114)
	at org.testng.remote.RemoteTestNG.initAndRun(RemoteTestNG.java:251)
	at org.testng.remote.RemoteTestNG.main(RemoteTestNG.java:77)
]]>
            </full-stacktrace>
          </exception> <!-- java.lang.NullPointerException -->
          <reporter-output>
          </reporter-output>
        </test-method> <!-- placeOrder -->
        <test-method status="PASS" signature="afterMethod(org.testng.ITestResult)[pri:0, instance:com.dw.api.automation.steps.MarketPlaceTest@7cc0cdad]" name="afterMethod" is-config="true" duration-ms="0" started-at="2017-12-13T18:41:19Z" finished-at="2017-12-13T18:41:19Z">
          <params>
            <param index="0">
              <value>
                <![CDATA[[TestResult name=addAddOnwithOneLicenses status=SUCCESS method=MarketPlaceTest.addAddOnwithOneLicenses()[pri:4, instance:com.dw.api.automation.steps.MarketPlaceTest@7cc0cdad] output={null}]]]>
              </value>
            </param>
          </params>
          <reporter-output>
          </reporter-output>
        </test-method> <!-- afterMethod -->
        <test-method status="FAIL" signature="orderProvision()[pri:7, instance:com.dw.api.automation.steps.MarketPlaceTest@7cc0cdad]" name="orderProvision" duration-ms="522" started-at="2017-12-13T18:41:19Z" finished-at="2017-12-13T18:41:20Z">
          <exception class="java.lang.NullPointerException">
            <full-stacktrace>
              <![CDATA[java.lang.NullPointerException
	at com.dw.api.automation.libs.ParseJsonArray.parseJsonArray(ParseJsonArray.java:28)
	at com.dw.api.automation.steps.MarketPlaceTest.orderProvision(MarketPlaceTest.java:212)
	at sun.reflect.NativeMethodAccessorImpl.invoke0(Native Method)
	at sun.reflect.NativeMethodAccessorImpl.invoke(Unknown Source)
	at sun.reflect.DelegatingMethodAccessorImpl.invoke(Unknown Source)
	at java.lang.reflect.Method.invoke(Unknown Source)
	at org.testng.internal.MethodInvocationHelper.invokeMethod(MethodInvocationHelper.java:85)
	at org.testng.internal.Invoker.invokeMethod(Invoker.java:639)
	at org.testng.internal.Invoker.invokeTestMethod(Invoker.java:816)
	at org.testng.internal.Invoker.invokeTestMethods(Invoker.java:1124)
	at org.testng.internal.TestMethodWorker.invokeTestMethods(TestMethodWorker.java:125)
	at org.testng.internal.TestMethodWorker.run(TestMethodWorker.java:108)
	at org.testng.TestRunner.privateRun(TestRunner.java:774)
	at org.testng.TestRunner.run(TestRunner.java:624)
	at org.testng.SuiteRunner.runTest(SuiteRunner.java:359)
	at org.testng.SuiteRunner.runSequentially(SuiteRunner.java:354)
	at org.testng.SuiteRunner.privateRun(SuiteRunner.java:312)
	at org.testng.SuiteRunner.run(SuiteRunner.java:261)
	at org.testng.SuiteRunnerWorker.runSuite(SuiteRunnerWorker.java:52)
	at org.testng.SuiteRunnerWorker.run(SuiteRunnerWorker.java:86)
	at org.testng.TestNG.runSuitesSequentially(TestNG.java:1215)
	at org.testng.TestNG.runSuitesLocally(TestNG.java:1140)
	at org.testng.TestNG.run(TestNG.java:1048)
	at org.testng.remote.AbstractRemoteTestNG.run(AbstractRemoteTestNG.java:114)
	at org.testng.remote.RemoteTestNG.initAndRun(RemoteTestNG.java:251)
	at org.testng.remote.RemoteTestNG.main(RemoteTestNG.java:77)
]]>
            </full-stacktrace>
          </exception> <!-- java.lang.NullPointerException -->
          <reporter-output>
          </reporter-output>
        </test-method> <!-- orderProvision -->
        <test-method status="PASS" signature="afterMethod(org.testng.ITestResult)[pri:0, instance:com.dw.api.automation.steps.MarketPlaceTest@7cc0cdad]" name="afterMethod" is-config="true" duration-ms="0" started-at="2017-12-13T18:41:19Z" finished-at="2017-12-13T18:41:19Z">
          <params>
            <param index="0">
              <value>
                <![CDATA[[TestResult name=placeOrder status=FAILURE method=MarketPlaceTest.placeOrder()[pri:6, instance:com.dw.api.automation.steps.MarketPlaceTest@7cc0cdad] output={null}]]]>
              </value>
            </param>
          </params>
          <reporter-output>
          </reporter-output>
        </test-method> <!-- afterMethod -->
        <test-method status="PASS" signature="afterMethod(org.testng.ITestResult)[pri:0, instance:com.dw.api.automation.steps.MarketPlaceTest@7cc0cdad]" name="afterMethod" is-config="true" duration-ms="0" started-at="2017-12-13T18:41:20Z" finished-at="2017-12-13T18:41:20Z">
          <params>
            <param index="0">
              <value>
                <![CDATA[[TestResult name=orderProvision status=FAILURE method=MarketPlaceTest.orderProvision()[pri:7, instance:com.dw.api.automation.steps.MarketPlaceTest@7cc0cdad] output={null}]]]>
              </value>
            </param>
          </params>
          <reporter-output>
          </reporter-output>
        </test-method> <!-- afterMethod -->
        <test-method status="PASS" signature="tear()[pri:0, instance:com.dw.api.automation.steps.MarketPlaceTest@7cc0cdad]" name="tear" is-config="true" duration-ms="62" started-at="2017-12-13T18:41:20Z" finished-at="2017-12-13T18:41:20Z">
          <reporter-output>
          </reporter-output>
        </test-method> <!-- tear -->
      </class> <!-- com.dw.api.automation.steps.MarketPlaceTest -->
    </test> <!-- Use Case 3:Customer Market place -->
  </suite> <!-- Automation -->
</testng-results>
