<?xml version="1.0" encoding="UTF-8"?>
<!-- Generated by org.testng.reporters.JUnitXMLReporter -->
<testsuite hostname="RLE0517" name="Validate mpn Api" tests="1" failures="1" timestamp="27 Nov 2017 14:51:42 GMT" time="85.062" errors="0">
  <testcase name="feature" time="80.786" classname="com.scholastic.torque.runner.Run">
    <failure type="cucumber.runtime.CucumberException" message="java.lang.RuntimeException: Unable to create local driver">
      <![CDATA[cucumber.runtime.CucumberException: java.lang.RuntimeException: Unable to create local driver
	at com.scholastic.torque.testng.TestNGCucumberRunner.runCucumber(TestNGCucumberRunner.java:128)
	at com.scholastic.torque.testng.AbstractTestNGCucumberTests.feature(AbstractTestNGCucumberTests.java:30)
	at java.util.concurrent.FutureTask.run(Unknown Source)
	at java.util.concurrent.ThreadPoolExecutor.runWorker(Unknown Source)
	at java.util.concurrent.ThreadPoolExecutor$Worker.run(Unknown Source)
	at java.lang.Thread.run(Unknown Source)
Caused by: java.lang.RuntimeException: Unable to create local driver
	at com.scholastic.torque.common.TestBase.initDriver(TestBase.java:163)
	at com.scholastic.torque.common.TestBase.getDriver(TestBase.java:83)
	at com.dw.automation.steps.Hooks.afterHook(Hooks.java:129)
	at cucumber.runtime.Utils$1.call(Utils.java:37)
	at cucumber.runtime.Timeout.timeout(Timeout.java:13)
	at cucumber.runtime.Utils.invoke(Utils.java:31)
	at cucumber.runtime.java.JavaHookDefinition.execute(JavaHookDefinition.java:60)
	at cucumber.runtime.Runtime.runHookIfTagsMatch(Runtime.java:223)
	at cucumber.runtime.Runtime.runHooks(Runtime.java:211)
	at cucumber.runtime.Runtime.runAfterHooks(Runtime.java:205)
	at cucumber.runtime.model.CucumberScenario.run(CucumberScenario.java:46)
	at cucumber.runtime.model.CucumberFeature.run(CucumberFeature.java:165)
	at com.scholastic.torque.testng.TestNGCucumberRunner.runCucumber(TestNGCucumberRunner.java:124)
	... 21 more
Caused by: org.openqa.selenium.WebDriverException: Unalbe to create webdriver
	at com.scholastic.torque.common.TestBase$WEBDRIVER.getDriver(TestBase.java:483)
	at com.scholastic.torque.common.TestBase.initDriver(TestBase.java:158)
	... 37 more
Caused by: org.openqa.selenium.WebDriverException: Timed out waiting for driver server to start.
Build info: version: '3.4.0', revision: 'unknown', time: 'unknown'
System info: host: 'RLE0517', ip: '192.168.152.171', os.name: 'Windows 8.1', os.arch: 'amd64', os.version: '6.3', java.version: '1.8.0_144'
Driver info: driver.version: ChromeDriver
	at org.openqa.selenium.remote.service.DriverService.waitUntilAvailable(DriverService.java:193)
	at org.openqa.selenium.remote.service.DriverService.start(DriverService.java:181)
	at org.openqa.selenium.remote.service.DriverCommandExecutor.execute(DriverCommandExecutor.java:78)
	at org.openqa.selenium.remote.RemoteWebDriver.execute(RemoteWebDriver.java:637)
	at org.openqa.selenium.remote.RemoteWebDriver.startSession(RemoteWebDriver.java:250)
	at org.openqa.selenium.remote.RemoteWebDriver.startSession(RemoteWebDriver.java:236)
	at org.openqa.selenium.remote.RemoteWebDriver.<init>(RemoteWebDriver.java:137)
	at org.openqa.selenium.chrome.ChromeDriver.<init>(ChromeDriver.java:184)
	at org.openqa.selenium.chrome.ChromeDriver.<init>(ChromeDriver.java:171)
	at org.openqa.selenium.chrome.ChromeDriver.<init>(ChromeDriver.java:124)
	at java.lang.Class.newInstance(Unknown Source)
	at com.scholastic.torque.common.TestBase$WEBDRIVER.getDriver(TestBase.java:481)
	... 38 more
Caused by: org.openqa.selenium.net.UrlChecker$TimeoutException: Timed out waiting for [http://localhost:43437/status] to be available after 20010 ms
	at org.openqa.selenium.net.UrlChecker.waitUntilAvailable(UrlChecker.java:107)
	at org.openqa.selenium.remote.service.DriverService.waitUntilAvailable(DriverService.java:190)
	... 53 more
Caused by: com.google.common.util.concurrent.UncheckedTimeoutException: java.util.concurrent.TimeoutException
	at com.google.common.util.concurrent.SimpleTimeLimiter.callWithTimeout(SimpleTimeLimiter.java:140)
	at org.openqa.selenium.net.UrlChecker.waitUntilAvailable(UrlChecker.java:80)
	... 54 more
Caused by: java.util.concurrent.TimeoutException
	at java.util.concurrent.FutureTask.get(Unknown Source)
	at com.google.common.util.concurrent.SimpleTimeLimiter.callWithTimeout(SimpleTimeLimiter.java:128)
	... 55 more
... Removed 24 stack frames]]>
    </failure>
  </testcase> <!-- feature -->
</testsuite> <!-- Validate mpn Api -->
